2024-04-23 21:42:46,890 __main__ (lichess-bot.py:1051) INFO 
    .   _/|
    .  // o\
    .  || ._)  lichess-bot 2024.3.21.1
    .  //__\
    .  )___(   Play on Lichess with a bot
    
2024-04-23 21:42:46,907 lib.config (config.py:262) DEBUG Config:
token: logger
url: https://lichess.org/
engine:
  dir: ./engines/
  name: ExampleEngine
  working_dir: ''
  protocol: homemade
  ponder: true
  polyglot:
    enabled: false
    book:
      standard:
      - engines/book1.bin
      - engines/book2.bin
    min_weight: 1
    selection: weighted_random
    max_depth: 20
  draw_or_resign:
    resign_enabled: false
    resign_score: -1000
    resign_for_egtb_minus_two: true
    resign_moves: 3
    offer_draw_enabled: true
    offer_draw_score: 0
    offer_draw_for_egtb_zero: true
    offer_draw_moves: 10
    offer_draw_pieces: 10
  online_moves:
    max_out_of_book_moves: 10
    max_retries: 2
    chessdb_book:
      enabled: false
      min_time: 20
      move_quality: good
      min_depth: 20
    lichess_cloud_analysis:
      enabled: false
      min_time: 20
      move_quality: best
      max_score_difference: 50
      min_depth: 20
      min_knodes: 0
    lichess_opening_explorer:
      enabled: false
      min_time: 20
      source: masters
      player_name: ''
      sort: winrate
      min_games: 10
    online_egtb:
      enabled: false
      min_time: 20
      max_pieces: 7
      source: lichess
      move_quality: best
  lichess_bot_tbs:
    syzygy:
      enabled: false
      paths:
      - engines/syzygy
      max_pieces: 7
      move_quality: best
    gaviota:
      enabled: false
      paths:
      - engines/gaviota
      max_pieces: 5
      min_dtm_to_consider_as_wdl_1: 120
      move_quality: best
  homemade_options: null
  uci_options:
    Move Overhead: 100
    Threads: 4
    Hash: 512
    SyzygyPath: ./syzygy/
    UCI_ShowWDL: true
  silence_stderr: false
abort_time: 30
fake_think_time: false
rate_limiting_delay: 0
move_overhead: 2000
quit_after_all_games_finish: false
correspondence:
  move_time: 60
  checkin_period: 300
  disconnect_time: 150
  ponder: false
challenge:
  concurrency: 5
  sort_by: first
  accept_bot: true
  only_bot: false
  max_increment: 20
  min_increment: 0
  max_base: 1800
  min_base: 0
  max_days: 14
  min_days: 1
  variants:
  - standard
  time_controls:
  - bullet
  - blitz
  - rapid
  - classical
  modes:
  - casual
  - rated
  bullet_requires_increment: false
greeting:
  hello: Hi! I'm Kyle's Chess AI. Good luck!
  goodbye: Good game, thanks for playing! If you haven't read the paper yet, please
    consider giving it a read.
  hello_spectators: Hi! I'm {me}. Type !help for a list of commands I can respond
    to.
  goodbye_spectators: Thanks for watching!
matchmaking:
  allow_matchmaking: false
  allow_during_games: false
  challenge_variant: random
  challenge_timeout: 30
  challenge_initial_time:
  - 60
  - 180
  challenge_increment:
  - 1
  - 2
  rating_preference: none
  opponent_allow_tos_violation: false
  challenge_mode: random
  challenge_filter: none

2024-04-23 21:42:46,908 lib.config (config.py:263) DEBUG ====================
2024-04-23 21:42:46,912 lib.config (config.py:262) DEBUG Config:
token: logger
url: https://lichess.org/
engine:
  dir: ./engines/
  name: ExampleEngine
  working_dir: C:\Users\Kyle_Remote\Documents\Programs\DS3ML3_Final_Project\lichess-bot
  protocol: homemade
  ponder: true
  polyglot:
    enabled: false
    book:
      standard:
      - engines/book1.bin
      - engines/book2.bin
    min_weight: 1
    selection: weighted_random
    max_depth: 20
  draw_or_resign:
    resign_enabled: false
    resign_score: -1000
    resign_for_egtb_minus_two: true
    resign_moves: 3
    offer_draw_enabled: true
    offer_draw_score: 0
    offer_draw_for_egtb_zero: true
    offer_draw_moves: 10
    offer_draw_pieces: 10
  online_moves:
    max_out_of_book_moves: 10
    max_retries: 2
    chessdb_book:
      enabled: false
      min_time: 20
      move_quality: good
      min_depth: 20
    lichess_cloud_analysis:
      enabled: false
      min_time: 20
      move_quality: best
      max_score_difference: 50
      min_depth: 20
      min_knodes: 0
    lichess_opening_explorer:
      enabled: false
      min_time: 20
      source: masters
      player_name: ''
      sort: winrate
      min_games: 10
    online_egtb:
      enabled: false
      min_time: 20
      max_pieces: 7
      source: lichess
      move_quality: best
    max_depth: .inf
  lichess_bot_tbs:
    syzygy:
      enabled: false
      paths:
      - engines/syzygy
      max_pieces: 7
      move_quality: best
    gaviota:
      enabled: false
      paths:
      - engines/gaviota
      max_pieces: 5
      min_dtm_to_consider_as_wdl_1: 120
      move_quality: best
  homemade_options: null
  uci_options:
    Move Overhead: 100
    Threads: 4
    Hash: 512
    SyzygyPath: ./syzygy/
    UCI_ShowWDL: true
  silence_stderr: false
  uci_ponder: false
abort_time: 30
fake_think_time: false
rate_limiting_delay: 0
move_overhead: 2000
quit_after_all_games_finish: false
correspondence:
  move_time: 60
  checkin_period: 300
  disconnect_time: 150
  ponder: false
  uci_ponder: false
challenge:
  concurrency: 5
  sort_by: first
  accept_bot: true
  only_bot: false
  max_increment: 20
  min_increment: 0
  max_base: 1800
  min_base: 0
  max_days: 14
  min_days: 1
  variants:
  - standard
  time_controls:
  - bullet
  - blitz
  - rapid
  - classical
  modes:
  - casual
  - rated
  bullet_requires_increment: false
  block_list: []
  allow_list: []
greeting:
  hello: Hi! I'm Kyle's Chess AI. Good luck!
  goodbye: Good game, thanks for playing! If you haven't read the paper yet, please
    consider giving it a read.
  hello_spectators: Hi! I'm {me}. Type !help for a list of commands I can respond
    to.
  goodbye_spectators: Thanks for watching!
matchmaking:
  allow_matchmaking: false
  allow_during_games: false
  challenge_variant: random
  challenge_timeout: 30
  challenge_initial_time:
  - 60
  - 180
  challenge_increment:
  - 1
  - 2
  rating_preference: none
  opponent_allow_tos_violation: false
  challenge_mode: random
  challenge_filter: none
  block_list: []
  challenge_days:
  - null
  opponent_min_rating: 600
  opponent_max_rating: 4000
  overrides: {}
pgn_file_grouping: game

2024-04-23 21:42:46,912 lib.config (config.py:263) DEBUG ====================
2024-04-23 21:42:46,912 __main__ (lichess-bot.py:1054) INFO Checking engine configuration ...
2024-04-23 21:42:47,226 matplotlib (__init__.py:350) DEBUG matplotlib data path: C:\Users\Kyle_Remote\Documents\Programs\DS3ML3_Final_Project\.venv\Lib\site-packages\matplotlib\mpl-data
2024-04-23 21:42:47,235 matplotlib (__init__.py:350) DEBUG CONFIGDIR=C:\Users\Kyle_Remote\.matplotlib
2024-04-23 21:42:47,236 matplotlib (__init__.py:1511) DEBUG interactive is False
2024-04-23 21:42:47,236 matplotlib (__init__.py:1512) DEBUG platform is win32
2024-04-23 21:42:47,291 matplotlib (__init__.py:350) DEBUG CACHEDIR=C:\Users\Kyle_Remote\.matplotlib
2024-04-23 21:42:47,295 matplotlib.font_manager (font_manager.py:1574) DEBUG Using fontManager instance from C:\Users\Kyle_Remote\.matplotlib\fontlist-v330.json
2024-04-23 21:42:49,814 lib.engine_wrapper (engine_wrapper.py:68) DEBUG Starting engine: ['C:\\Users\\Kyle_Remote\\Documents\\Programs\\DS3ML3_Final_Project\\lichess-bot\\engines\\ExampleEngine']
2024-04-23 21:42:49,814 __main__ (lichess-bot.py:1057) INFO Engine configuration OK
2024-04-23 21:42:49,821 urllib3.connectionpool (connectionpool.py:1055) DEBUG Starting new HTTPS connection (1): lichess.org:443
2024-04-23 21:42:50,419 urllib3.connectionpool (connectionpool.py:549) DEBUG https://lichess.org:443 "POST /api/token/test HTTP/1.1" 200 None
2024-04-23 21:42:50,560 urllib3.connectionpool (connectionpool.py:549) DEBUG https://lichess.org:443 "GET /api/account HTTP/1.1" 200 None
2024-04-23 21:42:50,560 __main__ (lichess-bot.py:1066) INFO Welcome KS_ChessAI!
2024-04-23 21:42:50,562 __main__ (lichess-bot.py:225) INFO You're now connected to https://lichess.org/ and awaiting challenges.
2024-04-23 21:42:51,190 urllib3.connectionpool (connectionpool.py:549) DEBUG https://lichess.org:443 "GET /api/account/playing HTTP/1.1" 200 17
2024-04-23 21:42:52,177 __main__ (lichess-bot.py:404) DEBUG Event: {'type': 'challenge', 'challenge': {'id': 'BErrSd0c', 'url': 'https://lichess.org/BErrSd0c', 'status': 'created', 'challenger': {'id': 'checkyle', 'name': 'ChecKyle', 'rating': 1667, 'title': None, 'provisional': True, 'online': True, 'lag': 4}, 'destUser': {'id': 'ks_chessai', 'name': 'KS_ChessAI', 'rating': 2000, 'title': 'BOT', 'provisional': True}, 'variant': {'key': 'standard', 'name': 'Standard', 'short': 'Std'}, 'rated': False, 'speed': 'rapid', 'timeControl': {'type': 'clock', 'limit': 420, 'increment': 10, 'show': '7+10'}, 'color': 'random', 'finalColor': 'white', 'perf': {'icon': '\ue017', 'name': 'Rapid'}}}
2024-04-23 21:42:52,178 __main__ (lichess-bot.py:455) INFO Accept Rapid casual challenge from ChecKyle (1667?) (BErrSd0c)
2024-04-23 21:42:52,280 urllib3.connectionpool (connectionpool.py:549) DEBUG https://lichess.org:443 "POST /api/challenge/BErrSd0c/accept HTTP/1.1" 200 11
2024-04-23 21:42:52,281 __main__ (lichess-bot.py:274) INFO --- Process Queued. Count: 1. IDs: {'BErrSd0c'}
2024-04-23 21:42:52,281 __main__ (lichess-bot.py:404) DEBUG Event: {'type': 'gameStart', 'game': {'fullId': 'BErrSd0cM9ib', 'gameId': 'BErrSd0c', 'fen': 'rnbqkbnr/pppppppp/8/8/8/8/PPPPPPPP/RNBQKBNR w KQkq - 0 1', 'color': 'black', 'lastMove': '', 'source': 'friend', 'status': {'id': 20, 'name': 'started'}, 'variant': {'key': 'standard', 'name': 'Standard'}, 'speed': 'rapid', 'perf': 'rapid', 'rated': False, 'hasMoved': False, 'opponent': {'id': 'checkyle', 'username': 'ChecKyle', 'rating': 1667}, 'isMyTurn': False, 'secondsLeft': 420, 'compat': {'bot': True, 'board': True}, 'id': 'BErrSd0c'}}
2024-04-23 21:42:52,281 __main__ (lichess-bot.py:274) INFO --- Process Used. Count: 1. IDs: {'BErrSd0c'}
2024-04-23 21:42:52,291 urllib3.connectionpool (connectionpool.py:1055) DEBUG Starting new HTTPS connection (1): lichess.org:443
2024-04-23 21:42:52,835 urllib3.connectionpool (connectionpool.py:549) DEBUG https://lichess.org:443 "GET /api/bot/game/stream/BErrSd0c HTTP/1.1" 200 None
2024-04-23 21:42:52,836 __mp_main__ (lichess-bot.py:605) DEBUG Initial state: {'id': 'BErrSd0c', 'variant': {'key': 'standard', 'name': 'Standard', 'short': 'Std'}, 'speed': 'rapid', 'perf': {'name': 'Rapid'}, 'rated': False, 'createdAt': 1713922972222, 'white': {'id': 'checkyle', 'name': 'ChecKyle', 'title': None, 'rating': 1667, 'provisional': True}, 'black': {'id': 'ks_chessai', 'name': 'KS_ChessAI', 'title': 'BOT', 'rating': 2000, 'provisional': True}, 'initialFen': 'startpos', 'clock': {'initial': 420000, 'increment': 10000}, 'type': 'gameFull', 'state': {'type': 'gameState', 'moves': '', 'wtime': 420000, 'btime': 420000, 'winc': 10000, 'binc': 10000, 'status': 'started'}}
2024-04-23 21:42:52,974 matplotlib (__init__.py:350) DEBUG matplotlib data path: C:\Users\Kyle_Remote\Documents\Programs\DS3ML3_Final_Project\.venv\Lib\site-packages\matplotlib\mpl-data
2024-04-23 21:42:52,978 matplotlib (__init__.py:350) DEBUG CONFIGDIR=C:\Users\Kyle_Remote\.matplotlib
2024-04-23 21:42:52,980 matplotlib (__init__.py:1511) DEBUG interactive is False
2024-04-23 21:42:52,980 matplotlib (__init__.py:1512) DEBUG platform is win32
2024-04-23 21:42:53,023 matplotlib (__init__.py:350) DEBUG CACHEDIR=C:\Users\Kyle_Remote\.matplotlib
2024-04-23 21:42:53,026 matplotlib.font_manager (font_manager.py:1574) DEBUG Using fontManager instance from C:\Users\Kyle_Remote\.matplotlib\fontlist-v330.json
2024-04-23 21:42:54,924 lib.engine_wrapper (engine_wrapper.py:68) DEBUG Starting engine: ['C:\\Users\\Kyle_Remote\\Documents\\Programs\\DS3ML3_Final_Project\\lichess-bot\\engines\\ExampleEngine']
2024-04-23 21:42:54,925 __mp_main__ (lichess-bot.py:611) DEBUG The engine for game BErrSd0c has pid=?
2024-04-23 21:42:54,925 __mp_main__ (lichess-bot.py:614) INFO +++ https://lichess.org/BErrSd0c/black Rapid vs ChecKyle (1667?) (BErrSd0c)
2024-04-23 21:43:05,750 __mp_main__ (lichess-bot.py:725) DEBUG Game state: {'type': 'gameState', 'moves': 'e2e4', 'wtime': 420000, 'btime': 420000, 'winc': 10000, 'binc': 10000, 'status': 'started'}
2024-04-23 21:43:05,750 lib.conversation (conversation.py:86) INFO *** https://lichess.org/BErrSd0c/black [player] KS_ChessAI: Hi! I'm Kyle's Chess AI. Good luck!
2024-04-23 21:43:05,752 urllib3.connectionpool (connectionpool.py:1055) DEBUG Starting new HTTPS connection (2): lichess.org:443
2024-04-23 21:43:06,279 urllib3.connectionpool (connectionpool.py:549) DEBUG https://lichess.org:443 "POST /api/bot/game/BErrSd0c/chat HTTP/1.1" 200 11
2024-04-23 21:43:06,280 lib.conversation (conversation.py:86) INFO *** https://lichess.org/BErrSd0c/black [spectator] KS_ChessAI: Hi! I'm KS_ChessAI. Type !help for a list of commands I can respond to.
2024-04-23 21:43:06,382 urllib3.connectionpool (connectionpool.py:549) DEBUG https://lichess.org:443 "POST /api/bot/game/BErrSd0c/chat HTTP/1.1" 200 11
2024-04-23 21:43:06,383 __mp_main__ (lichess-bot.py:716) INFO 
2024-04-23 21:43:06,383 __mp_main__ (lichess-bot.py:717) INFO move: 1
2024-04-23 21:43:06,383 lib.engine_wrapper (engine_wrapper.py:687) INFO Searching for time 10 seconds for game BErrSd0c
2024-04-23 21:43:06,539 lib.engine_wrapper (engine_wrapper.py:322) INFO Source: Engine
2024-04-23 21:43:06,643 urllib3.connectionpool (connectionpool.py:549) DEBUG https://lichess.org:443 "POST /api/bot/game/BErrSd0c/move/c7c5?offeringDraw=false HTTP/1.1" 200 11
2024-04-23 21:43:06,644 __mp_main__ (lichess-bot.py:725) DEBUG Game state: {'type': 'chatLine', 'room': 'player', 'username': 'KS_ChessAI', 'text': "Hi! I'm Kyle's Chess AI. Good luck!"}
2024-04-23 21:43:06,644 lib.conversation (conversation.py:45) INFO *** https://lichess.org/BErrSd0c/black [player] KS_ChessAI: Hi! I'm Kyle's Chess AI. Good luck!
2024-04-23 21:43:06,644 __mp_main__ (lichess-bot.py:725) DEBUG Game state: {'type': 'chatLine', 'room': 'spectator', 'username': 'KS_ChessAI', 'text': "Hi! I'm KS_ChessAI. Type !help for a list of commands I can respond to."}
2024-04-23 21:43:06,645 lib.conversation (conversation.py:45) INFO *** https://lichess.org/BErrSd0c/black [spectator] KS_ChessAI: Hi! I'm KS_ChessAI. Type !help for a list of commands I can respond to.
2024-04-23 21:43:06,645 __mp_main__ (lichess-bot.py:725) DEBUG Game state: {'type': 'gameState', 'moves': 'e2e4 c7c5', 'wtime': 420000, 'btime': 420000, 'winc': 10000, 'binc': 10000, 'status': 'started'}
2024-04-23 21:43:11,404 __mp_main__ (lichess-bot.py:725) DEBUG Game state: {'type': 'gameState', 'moves': 'e2e4 c7c5 g1f3', 'wtime': 425340, 'btime': 420000, 'winc': 10000, 'binc': 10000, 'status': 'started'}
2024-04-23 21:43:11,404 __mp_main__ (lichess-bot.py:716) INFO 
2024-04-23 21:43:11,404 __mp_main__ (lichess-bot.py:717) INFO move: 2
2024-04-23 21:43:11,404 lib.engine_wrapper (engine_wrapper.py:709) INFO Searching for wtime 425340 btime 418000 for game BErrSd0c
2024-04-23 21:43:11,553 lib.engine_wrapper (engine_wrapper.py:322) INFO Source: Engine
2024-04-23 21:43:11,657 urllib3.connectionpool (connectionpool.py:549) DEBUG https://lichess.org:443 "POST /api/bot/game/BErrSd0c/move/b8c6?offeringDraw=false HTTP/1.1" 200 11
2024-04-23 21:43:11,658 __mp_main__ (lichess-bot.py:725) DEBUG Game state: {'type': 'gameState', 'moves': 'e2e4 c7c5 g1f3 b8c6', 'wtime': 425340, 'btime': 429750, 'winc': 10000, 'binc': 10000, 'status': 'started'}
2024-04-23 21:43:12,289 __mp_main__ (lichess-bot.py:725) DEBUG Game state: {'type': 'gameState', 'moves': 'e2e4 c7c5 g1f3 b8c6 d2d4', 'wtime': 434820, 'btime': 429750, 'winc': 10000, 'binc': 10000, 'status': 'started'}
2024-04-23 21:43:12,290 __mp_main__ (lichess-bot.py:716) INFO 
2024-04-23 21:43:12,290 __mp_main__ (lichess-bot.py:717) INFO move: 3
2024-04-23 21:43:12,291 lib.engine_wrapper (engine_wrapper.py:709) INFO Searching for wtime 434820 btime 427749 for game BErrSd0c
2024-04-23 21:43:12,407 lib.engine_wrapper (engine_wrapper.py:322) INFO Source: Engine
2024-04-23 21:43:12,507 urllib3.connectionpool (connectionpool.py:549) DEBUG https://lichess.org:443 "POST /api/bot/game/BErrSd0c/move/c6b8?offeringDraw=false HTTP/1.1" 200 11
2024-04-23 21:43:12,507 __mp_main__ (lichess-bot.py:725) DEBUG Game state: {'type': 'gameState', 'moves': 'e2e4 c7c5 g1f3 b8c6 d2d4 c6b8', 'wtime': 434820, 'btime': 439530, 'winc': 10000, 'binc': 10000, 'status': 'started'}
2024-04-23 21:43:13,565 __mp_main__ (lichess-bot.py:725) DEBUG Game state: {'type': 'gameState', 'moves': 'e2e4 c7c5 g1f3 b8c6 d2d4 c6b8 d4c5', 'wtime': 443870, 'btime': 439530, 'winc': 10000, 'binc': 10000, 'status': 'started'}
2024-04-23 21:43:13,566 __mp_main__ (lichess-bot.py:716) INFO 
2024-04-23 21:43:13,566 __mp_main__ (lichess-bot.py:717) INFO move: 4
2024-04-23 21:43:13,566 lib.engine_wrapper (engine_wrapper.py:709) INFO Searching for wtime 443870 btime 437530 for game BErrSd0c
2024-04-23 21:43:13,592 lib.engine_wrapper (engine_wrapper.py:322) INFO Source: Engine
2024-04-23 21:43:13,691 urllib3.connectionpool (connectionpool.py:549) DEBUG https://lichess.org:443 "POST /api/bot/game/BErrSd0c/move/e7e6?offeringDraw=false HTTP/1.1" 200 11
2024-04-23 21:43:13,692 __mp_main__ (lichess-bot.py:725) DEBUG Game state: {'type': 'gameState', 'moves': 'e2e4 c7c5 g1f3 b8c6 d2d4 c6b8 d4c5 e7e6', 'wtime': 443870, 'btime': 449410, 'winc': 10000, 'binc': 10000, 'status': 'started'}
2024-04-23 21:43:15,296 __mp_main__ (lichess-bot.py:725) DEBUG Game state: {'type': 'gameState', 'moves': 'e2e4 c7c5 g1f3 b8c6 d2d4 c6b8 d4c5 e7e6 b1c3', 'wtime': 452360, 'btime': 449410, 'winc': 10000, 'binc': 10000, 'status': 'started'}
2024-04-23 21:43:15,297 __mp_main__ (lichess-bot.py:716) INFO 
2024-04-23 21:43:15,297 __mp_main__ (lichess-bot.py:717) INFO move: 5
2024-04-23 21:43:15,297 lib.engine_wrapper (engine_wrapper.py:709) INFO Searching for wtime 452360 btime 447410 for game BErrSd0c
2024-04-23 21:43:15,514 lib.engine_wrapper (engine_wrapper.py:322) INFO Source: Engine
2024-04-23 21:43:15,618 urllib3.connectionpool (connectionpool.py:549) DEBUG https://lichess.org:443 "POST /api/bot/game/BErrSd0c/move/g8f6?offeringDraw=false HTTP/1.1" 200 11
2024-04-23 21:43:15,619 __mp_main__ (lichess-bot.py:725) DEBUG Game state: {'type': 'gameState', 'moves': 'e2e4 c7c5 g1f3 b8c6 d2d4 c6b8 d4c5 e7e6 b1c3 g8f6', 'wtime': 452360, 'btime': 459090, 'winc': 10000, 'binc': 10000, 'status': 'started'}
2024-04-23 21:43:16,336 __mp_main__ (lichess-bot.py:725) DEBUG Game state: {'type': 'gameState', 'moves': 'e2e4 c7c5 g1f3 b8c6 d2d4 c6b8 d4c5 e7e6 b1c3 g8f6 f1c4', 'wtime': 461800, 'btime': 459090, 'winc': 10000, 'binc': 10000, 'status': 'started'}
2024-04-23 21:43:16,336 __mp_main__ (lichess-bot.py:716) INFO 
2024-04-23 21:43:16,336 __mp_main__ (lichess-bot.py:717) INFO move: 6
2024-04-23 21:43:16,337 lib.engine_wrapper (engine_wrapper.py:709) INFO Searching for wtime 461800 btime 457090 for game BErrSd0c
2024-04-23 21:43:16,353 lib.engine_wrapper (engine_wrapper.py:322) INFO Source: Engine
2024-04-23 21:43:16,452 urllib3.connectionpool (connectionpool.py:549) DEBUG https://lichess.org:443 "POST /api/bot/game/BErrSd0c/move/f6e4?offeringDraw=false HTTP/1.1" 200 11
2024-04-23 21:43:16,453 __mp_main__ (lichess-bot.py:725) DEBUG Game state: {'type': 'gameState', 'moves': 'e2e4 c7c5 g1f3 b8c6 d2d4 c6b8 d4c5 e7e6 b1c3 g8f6 f1c4 f6e4', 'wtime': 461800, 'btime': 468970, 'winc': 10000, 'binc': 10000, 'status': 'started'}
2024-04-23 21:43:17,501 __mp_main__ (lichess-bot.py:725) DEBUG Game state: {'type': 'gameState', 'moves': 'e2e4 c7c5 g1f3 b8c6 d2d4 c6b8 d4c5 e7e6 b1c3 g8f6 f1c4 f6e4 c3e4', 'wtime': 470850, 'btime': 468970, 'winc': 10000, 'binc': 10000, 'status': 'started'}
2024-04-23 21:43:17,501 __mp_main__ (lichess-bot.py:716) INFO 
2024-04-23 21:43:17,501 __mp_main__ (lichess-bot.py:717) INFO move: 7
2024-04-23 21:43:17,502 lib.engine_wrapper (engine_wrapper.py:709) INFO Searching for wtime 470850 btime 466970 for game BErrSd0c
2024-04-23 21:43:17,529 lib.engine_wrapper (engine_wrapper.py:322) INFO Source: Engine
2024-04-23 21:43:17,628 urllib3.connectionpool (connectionpool.py:549) DEBUG https://lichess.org:443 "POST /api/bot/game/BErrSd0c/move/d7d5?offeringDraw=false HTTP/1.1" 200 11
2024-04-23 21:43:17,629 __mp_main__ (lichess-bot.py:725) DEBUG Game state: {'type': 'gameState', 'moves': 'e2e4 c7c5 g1f3 b8c6 d2d4 c6b8 d4c5 e7e6 b1c3 g8f6 f1c4 f6e4 c3e4 d7d5', 'wtime': 470850, 'btime': 478840, 'winc': 10000, 'binc': 10000, 'status': 'started'}
2024-04-23 21:43:22,247 __mp_main__ (lichess-bot.py:725) DEBUG Game state: {'type': 'gameState', 'moves': 'e2e4 c7c5 g1f3 b8c6 d2d4 c6b8 d4c5 e7e6 b1c3 g8f6 f1c4 f6e4 c3e4 d7d5 c1g5', 'wtime': 476340, 'btime': 478840, 'winc': 10000, 'binc': 10000, 'status': 'started'}
2024-04-23 21:43:22,248 __mp_main__ (lichess-bot.py:716) INFO 
2024-04-23 21:43:22,248 __mp_main__ (lichess-bot.py:717) INFO move: 8
2024-04-23 21:43:22,248 lib.engine_wrapper (engine_wrapper.py:709) INFO Searching for wtime 476340 btime 476840 for game BErrSd0c
2024-04-23 21:43:22,444 lib.engine_wrapper (engine_wrapper.py:322) INFO Source: Engine
2024-04-23 21:43:22,550 urllib3.connectionpool (connectionpool.py:549) DEBUG https://lichess.org:443 "POST /api/bot/game/BErrSd0c/move/d8g5?offeringDraw=false HTTP/1.1" 200 11
2024-04-23 21:43:22,550 __mp_main__ (lichess-bot.py:725) DEBUG Game state: {'type': 'gameState', 'moves': 'e2e4 c7c5 g1f3 b8c6 d2d4 c6b8 d4c5 e7e6 b1c3 g8f6 f1c4 f6e4 c3e4 d7d5 c1g5 d8g5', 'wtime': 476340, 'btime': 488540, 'winc': 10000, 'binc': 10000, 'status': 'started'}
2024-04-23 21:43:23,479 __mp_main__ (lichess-bot.py:725) DEBUG Game state: {'type': 'gameState', 'moves': 'e2e4 c7c5 g1f3 b8c6 d2d4 c6b8 d4c5 e7e6 b1c3 g8f6 f1c4 f6e4 c3e4 d7d5 c1g5 d8g5 e4g5', 'wtime': 485510, 'btime': 488540, 'winc': 10000, 'binc': 10000, 'status': 'started'}
2024-04-23 21:43:23,479 __mp_main__ (lichess-bot.py:716) INFO 
2024-04-23 21:43:23,479 __mp_main__ (lichess-bot.py:717) INFO move: 9
2024-04-23 21:43:23,480 lib.engine_wrapper (engine_wrapper.py:709) INFO Searching for wtime 485510 btime 486540 for game BErrSd0c
2024-04-23 21:43:23,573 lib.engine_wrapper (engine_wrapper.py:322) INFO Source: Engine
2024-04-23 21:43:23,673 urllib3.connectionpool (connectionpool.py:549) DEBUG https://lichess.org:443 "POST /api/bot/game/BErrSd0c/move/b7b6?offeringDraw=false HTTP/1.1" 200 11
2024-04-23 21:43:23,673 __mp_main__ (lichess-bot.py:725) DEBUG Game state: {'type': 'gameState', 'moves': 'e2e4 c7c5 g1f3 b8c6 d2d4 c6b8 d4c5 e7e6 b1c3 g8f6 f1c4 f6e4 c3e4 d7d5 c1g5 d8g5 e4g5 b7b6', 'wtime': 485510, 'btime': 498350, 'winc': 10000, 'binc': 10000, 'status': 'started'}
2024-04-23 21:43:25,393 __mp_main__ (lichess-bot.py:725) DEBUG Game state: {'type': 'gameState', 'moves': 'e2e4 c7c5 g1f3 b8c6 d2d4 c6b8 d4c5 e7e6 b1c3 g8f6 f1c4 f6e4 c3e4 d7d5 c1g5 d8g5 e4g5 b7b6 c4b5', 'wtime': 493890, 'btime': 498350, 'winc': 10000, 'binc': 10000, 'status': 'started'}
2024-04-23 21:43:25,396 __mp_main__ (lichess-bot.py:716) INFO 
2024-04-23 21:43:25,396 __mp_main__ (lichess-bot.py:717) INFO move: 10
2024-04-23 21:43:25,396 lib.engine_wrapper (engine_wrapper.py:709) INFO Searching for wtime 493890 btime 496349 for game BErrSd0c
2024-04-23 21:43:25,423 lib.engine_wrapper (engine_wrapper.py:322) INFO Source: Engine
2024-04-23 21:43:25,526 urllib3.connectionpool (connectionpool.py:549) DEBUG https://lichess.org:443 "POST /api/bot/game/BErrSd0c/move/e8e7?offeringDraw=false HTTP/1.1" 200 11
2024-04-23 21:43:25,527 __mp_main__ (lichess-bot.py:725) DEBUG Game state: {'type': 'gameState', 'moves': 'e2e4 c7c5 g1f3 b8c6 d2d4 c6b8 d4c5 e7e6 b1c3 g8f6 f1c4 f6e4 c3e4 d7d5 c1g5 d8g5 e4g5 b7b6 c4b5 e8e7', 'wtime': 493890, 'btime': 508210, 'winc': 10000, 'binc': 10000, 'status': 'started'}
2024-04-23 21:43:27,767 __mp_main__ (lichess-bot.py:725) DEBUG Game state: {'type': 'gameState', 'moves': 'e2e4 c7c5 g1f3 b8c6 d2d4 c6b8 d4c5 e7e6 b1c3 g8f6 f1c4 f6e4 c3e4 d7d5 c1g5 d8g5 e4g5 b7b6 c4b5 e8e7 f3e5', 'wtime': 501800, 'btime': 508210, 'winc': 10000, 'binc': 10000, 'status': 'started'}
2024-04-23 21:43:27,768 __mp_main__ (lichess-bot.py:716) INFO 
2024-04-23 21:43:27,768 __mp_main__ (lichess-bot.py:717) INFO move: 11
2024-04-23 21:43:27,768 lib.engine_wrapper (engine_wrapper.py:709) INFO Searching for wtime 501800 btime 506209 for game BErrSd0c
2024-04-23 21:43:27,879 lib.engine_wrapper (engine_wrapper.py:322) INFO Source: Engine
2024-04-23 21:43:27,985 urllib3.connectionpool (connectionpool.py:549) DEBUG https://lichess.org:443 "POST /api/bot/game/BErrSd0c/move/b8d7?offeringDraw=false HTTP/1.1" 200 11
2024-04-23 21:43:27,985 __mp_main__ (lichess-bot.py:725) DEBUG Game state: {'type': 'gameState', 'moves': 'e2e4 c7c5 g1f3 b8c6 d2d4 c6b8 d4c5 e7e6 b1c3 g8f6 f1c4 f6e4 c3e4 d7d5 c1g5 d8g5 e4g5 b7b6 c4b5 e8e7 f3e5 b8d7', 'wtime': 501800, 'btime': 517990, 'winc': 10000, 'binc': 10000, 'status': 'started'}
2024-04-23 21:43:29,222 __mp_main__ (lichess-bot.py:725) DEBUG Game state: {'type': 'gameState', 'moves': 'e2e4 c7c5 g1f3 b8c6 d2d4 c6b8 d4c5 e7e6 b1c3 g8f6 f1c4 f6e4 c3e4 d7d5 c1g5 d8g5 e4g5 b7b6 c4b5 e8e7 f3e5 b8d7 e5d7', 'wtime': 510660, 'btime': 517990, 'winc': 10000, 'binc': 10000, 'status': 'started'}
2024-04-23 21:43:29,223 __mp_main__ (lichess-bot.py:716) INFO 
2024-04-23 21:43:29,224 __mp_main__ (lichess-bot.py:717) INFO move: 12
2024-04-23 21:43:29,224 lib.engine_wrapper (engine_wrapper.py:709) INFO Searching for wtime 510660 btime 515989 for game BErrSd0c
2024-04-23 21:43:29,294 lib.engine_wrapper (engine_wrapper.py:322) INFO Source: Engine
2024-04-23 21:43:29,398 urllib3.connectionpool (connectionpool.py:549) DEBUG https://lichess.org:443 "POST /api/bot/game/BErrSd0c/move/f7f6?offeringDraw=false HTTP/1.1" 200 11
2024-04-23 21:43:29,400 __mp_main__ (lichess-bot.py:725) DEBUG Game state: {'type': 'gameState', 'moves': 'e2e4 c7c5 g1f3 b8c6 d2d4 c6b8 d4c5 e7e6 b1c3 g8f6 f1c4 f6e4 c3e4 d7d5 c1g5 d8g5 e4g5 b7b6 c4b5 e8e7 f3e5 b8d7 e5d7 f7f6', 'wtime': 510660, 'btime': 527820, 'winc': 10000, 'binc': 10000, 'status': 'started'}
2024-04-23 21:43:31,720 __mp_main__ (lichess-bot.py:725) DEBUG Game state: {'type': 'gameState', 'moves': 'e2e4 c7c5 g1f3 b8c6 d2d4 c6b8 d4c5 e7e6 b1c3 g8f6 f1c4 f6e4 c3e4 d7d5 c1g5 d8g5 e4g5 b7b6 c4b5 e8e7 f3e5 b8d7 e5d7 f7f6 g5f3', 'wtime': 518470, 'btime': 527820, 'winc': 10000, 'binc': 10000, 'status': 'started'}
2024-04-23 21:43:31,721 __mp_main__ (lichess-bot.py:716) INFO 
2024-04-23 21:43:31,721 __mp_main__ (lichess-bot.py:717) INFO move: 13
2024-04-23 21:43:31,721 lib.engine_wrapper (engine_wrapper.py:709) INFO Searching for wtime 518470 btime 525819 for game BErrSd0c
2024-04-23 21:43:31,818 lib.engine_wrapper (engine_wrapper.py:322) INFO Source: Engine
2024-04-23 21:43:31,920 urllib3.connectionpool (connectionpool.py:549) DEBUG https://lichess.org:443 "POST /api/bot/game/BErrSd0c/move/h8g8?offeringDraw=false HTTP/1.1" 200 11
2024-04-23 21:43:31,921 __mp_main__ (lichess-bot.py:725) DEBUG Game state: {'type': 'gameState', 'moves': 'e2e4 c7c5 g1f3 b8c6 d2d4 c6b8 d4c5 e7e6 b1c3 g8f6 f1c4 f6e4 c3e4 d7d5 c1g5 d8g5 e4g5 b7b6 c4b5 e8e7 f3e5 b8d7 e5d7 f7f6 g5f3 h8g8', 'wtime': 518470, 'btime': 537620, 'winc': 10000, 'binc': 10000, 'status': 'started'}
2024-04-23 21:43:34,813 __mp_main__ (lichess-bot.py:725) DEBUG Game state: {'type': 'gameState', 'moves': 'e2e4 c7c5 g1f3 b8c6 d2d4 c6b8 d4c5 e7e6 b1c3 g8f6 f1c4 f6e4 c3e4 d7d5 c1g5 d8g5 e4g5 b7b6 c4b5 e8e7 f3e5 b8d7 e5d7 f7f6 g5f3 h8g8 c5b6', 'wtime': 525680, 'btime': 537620, 'winc': 10000, 'binc': 10000, 'status': 'started'}
2024-04-23 21:43:34,814 __mp_main__ (lichess-bot.py:716) INFO 
2024-04-23 21:43:34,814 __mp_main__ (lichess-bot.py:717) INFO move: 14
2024-04-23 21:43:34,815 lib.engine_wrapper (engine_wrapper.py:709) INFO Searching for wtime 525680 btime 535619 for game BErrSd0c
2024-04-23 21:43:34,928 lib.engine_wrapper (engine_wrapper.py:322) INFO Source: Engine
2024-04-23 21:43:35,031 urllib3.connectionpool (connectionpool.py:549) DEBUG https://lichess.org:443 "POST /api/bot/game/BErrSd0c/move/a7b6?offeringDraw=false HTTP/1.1" 200 11
2024-04-23 21:43:35,032 __mp_main__ (lichess-bot.py:725) DEBUG Game state: {'type': 'gameState', 'moves': 'e2e4 c7c5 g1f3 b8c6 d2d4 c6b8 d4c5 e7e6 b1c3 g8f6 f1c4 f6e4 c3e4 d7d5 c1g5 d8g5 e4g5 b7b6 c4b5 e8e7 f3e5 b8d7 e5d7 f7f6 g5f3 h8g8 c5b6 a7b6', 'wtime': 525680, 'btime': 547400, 'winc': 10000, 'binc': 10000, 'status': 'started'}
2024-04-23 21:43:35,947 __mp_main__ (lichess-bot.py:725) DEBUG Game state: {'type': 'gameState', 'moves': 'e2e4 c7c5 g1f3 b8c6 d2d4 c6b8 d4c5 e7e6 b1c3 g8f6 f1c4 f6e4 c3e4 d7d5 c1g5 d8g5 e4g5 b7b6 c4b5 e8e7 f3e5 b8d7 e5d7 f7f6 g5f3 h8g8 c5b6 a7b6 d7b6', 'wtime': 534860, 'btime': 547400, 'winc': 10000, 'binc': 10000, 'status': 'started'}
2024-04-23 21:43:35,948 __mp_main__ (lichess-bot.py:716) INFO 
2024-04-23 21:43:35,948 __mp_main__ (lichess-bot.py:717) INFO move: 15
2024-04-23 21:43:35,948 lib.engine_wrapper (engine_wrapper.py:709) INFO Searching for wtime 534860 btime 545400 for game BErrSd0c
2024-04-23 21:43:36,037 lib.engine_wrapper (engine_wrapper.py:322) INFO Source: Engine
2024-04-23 21:43:36,137 urllib3.connectionpool (connectionpool.py:549) DEBUG https://lichess.org:443 "POST /api/bot/game/BErrSd0c/move/e7d6?offeringDraw=false HTTP/1.1" 200 11
2024-04-23 21:43:36,138 __mp_main__ (lichess-bot.py:725) DEBUG Game state: {'type': 'gameState', 'moves': 'e2e4 c7c5 g1f3 b8c6 d2d4 c6b8 d4c5 e7e6 b1c3 g8f6 f1c4 f6e4 c3e4 d7d5 c1g5 d8g5 e4g5 b7b6 c4b5 e8e7 f3e5 b8d7 e5d7 f7f6 g5f3 h8g8 c5b6 a7b6 d7b6 e7d6', 'wtime': 534860, 'btime': 557210, 'winc': 10000, 'binc': 10000, 'status': 'started'}
2024-04-23 21:43:37,916 __mp_main__ (lichess-bot.py:725) DEBUG Game state: {'type': 'gameState', 'moves': 'e2e4 c7c5 g1f3 b8c6 d2d4 c6b8 d4c5 e7e6 b1c3 g8f6 f1c4 f6e4 c3e4 d7d5 c1g5 d8g5 e4g5 b7b6 c4b5 e8e7 f3e5 b8d7 e5d7 f7f6 g5f3 h8g8 c5b6 a7b6 d7b6 e7d6 b6a8', 'wtime': 543180, 'btime': 557210, 'winc': 10000, 'binc': 10000, 'status': 'started'}
2024-04-23 21:43:37,917 __mp_main__ (lichess-bot.py:716) INFO 
2024-04-23 21:43:37,917 __mp_main__ (lichess-bot.py:717) INFO move: 16
2024-04-23 21:43:37,917 lib.engine_wrapper (engine_wrapper.py:709) INFO Searching for wtime 543180 btime 555210 for game BErrSd0c
2024-04-23 21:43:37,969 lib.engine_wrapper (engine_wrapper.py:322) INFO Source: Engine
2024-04-23 21:43:38,071 urllib3.connectionpool (connectionpool.py:549) DEBUG https://lichess.org:443 "POST /api/bot/game/BErrSd0c/move/e6e5?offeringDraw=false HTTP/1.1" 200 11
2024-04-23 21:43:38,072 __mp_main__ (lichess-bot.py:725) DEBUG Game state: {'type': 'gameState', 'moves': 'e2e4 c7c5 g1f3 b8c6 d2d4 c6b8 d4c5 e7e6 b1c3 g8f6 f1c4 f6e4 c3e4 d7d5 c1g5 d8g5 e4g5 b7b6 c4b5 e8e7 f3e5 b8d7 e5d7 f7f6 g5f3 h8g8 c5b6 a7b6 d7b6 e7d6 b6a8 e6e5', 'wtime': 543180, 'btime': 567060, 'winc': 10000, 'binc': 10000, 'status': 'started'}
2024-04-23 21:43:39,217 __mp_main__ (lichess-bot.py:725) DEBUG Game state: {'type': 'gameState', 'moves': 'e2e4 c7c5 g1f3 b8c6 d2d4 c6b8 d4c5 e7e6 b1c3 g8f6 f1c4 f6e4 c3e4 d7d5 c1g5 d8g5 e4g5 b7b6 c4b5 e8e7 f3e5 b8d7 e5d7 f7f6 g5f3 h8g8 c5b6 a7b6 d7b6 e7d6 b6a8 e6e5 a8b6', 'wtime': 552130, 'btime': 567060, 'winc': 10000, 'binc': 10000, 'status': 'started'}
2024-04-23 21:43:39,218 __mp_main__ (lichess-bot.py:716) INFO 
2024-04-23 21:43:39,218 __mp_main__ (lichess-bot.py:717) INFO move: 17
2024-04-23 21:43:39,218 lib.engine_wrapper (engine_wrapper.py:709) INFO Searching for wtime 552130 btime 565060 for game BErrSd0c
2024-04-23 21:43:39,343 lib.engine_wrapper (engine_wrapper.py:322) INFO Source: Engine
2024-04-23 21:43:39,443 urllib3.connectionpool (connectionpool.py:549) DEBUG https://lichess.org:443 "POST /api/bot/game/BErrSd0c/move/c8h3?offeringDraw=false HTTP/1.1" 200 11
2024-04-23 21:43:39,443 __mp_main__ (lichess-bot.py:725) DEBUG Game state: {'type': 'gameState', 'moves': 'e2e4 c7c5 g1f3 b8c6 d2d4 c6b8 d4c5 e7e6 b1c3 g8f6 f1c4 f6e4 c3e4 d7d5 c1g5 d8g5 e4g5 b7b6 c4b5 e8e7 f3e5 b8d7 e5d7 f7f6 g5f3 h8g8 c5b6 a7b6 d7b6 e7d6 b6a8 e6e5 a8b6 c8h3', 'wtime': 552130, 'btime': 576840, 'winc': 10000, 'binc': 10000, 'status': 'started'}
2024-04-23 21:43:47,362 __mp_main__ (lichess-bot.py:725) DEBUG Game state: {'type': 'gameState', 'moves': 'e2e4 c7c5 g1f3 b8c6 d2d4 c6b8 d4c5 e7e6 b1c3 g8f6 f1c4 f6e4 c3e4 d7d5 c1g5 d8g5 e4g5 b7b6 c4b5 e8e7 f3e5 b8d7 e5d7 f7f6 g5f3 h8g8 c5b6 a7b6 d7b6 e7d6 b6a8 e6e5 a8b6 c8h3 d1d5', 'wtime': 554310, 'btime': 576840, 'winc': 10000, 'binc': 10000, 'status': 'started'}
2024-04-23 21:43:47,364 __mp_main__ (lichess-bot.py:716) INFO 
2024-04-23 21:43:47,364 __mp_main__ (lichess-bot.py:717) INFO move: 18
2024-04-23 21:43:47,365 lib.engine_wrapper (engine_wrapper.py:709) INFO Searching for wtime 554310 btime 574839 for game BErrSd0c
2024-04-23 21:43:47,375 lib.engine_wrapper (engine_wrapper.py:322) INFO Source: Engine
2024-04-23 21:43:47,482 urllib3.connectionpool (connectionpool.py:549) DEBUG https://lichess.org:443 "POST /api/bot/game/BErrSd0c/move/d6e7?offeringDraw=false HTTP/1.1" 200 11
2024-04-23 21:43:47,482 __mp_main__ (lichess-bot.py:725) DEBUG Game state: {'type': 'gameState', 'moves': 'e2e4 c7c5 g1f3 b8c6 d2d4 c6b8 d4c5 e7e6 b1c3 g8f6 f1c4 f6e4 c3e4 d7d5 c1g5 d8g5 e4g5 b7b6 c4b5 e8e7 f3e5 b8d7 e5d7 f7f6 g5f3 h8g8 c5b6 a7b6 d7b6 e7d6 b6a8 e6e5 a8b6 c8h3 d1d5 d6e7', 'wtime': 554310, 'btime': 586720, 'winc': 10000, 'binc': 10000, 'status': 'started'}
2024-04-23 21:43:53,623 __mp_main__ (lichess-bot.py:725) DEBUG Game state: {'type': 'gameState', 'moves': 'e2e4 c7c5 g1f3 b8c6 d2d4 c6b8 d4c5 e7e6 b1c3 g8f6 f1c4 f6e4 c3e4 d7d5 c1g5 d8g5 e4g5 b7b6 c4b5 e8e7 f3e5 b8d7 e5d7 f7f6 g5f3 h8g8 c5b6 a7b6 d7b6 e7d6 b6a8 e6e5 a8b6 c8h3 d1d5 d6e7 b5c4', 'wtime': 558270, 'btime': 586720, 'winc': 10000, 'binc': 10000, 'status': 'started'}
2024-04-23 21:43:53,624 __mp_main__ (lichess-bot.py:716) INFO 
2024-04-23 21:43:53,624 __mp_main__ (lichess-bot.py:717) INFO move: 19
2024-04-23 21:43:53,624 lib.engine_wrapper (engine_wrapper.py:709) INFO Searching for wtime 558270 btime 584720 for game BErrSd0c
2024-04-23 21:43:53,694 lib.engine_wrapper (engine_wrapper.py:322) INFO Source: Engine
2024-04-23 21:43:53,798 urllib3.connectionpool (connectionpool.py:549) DEBUG https://lichess.org:443 "POST /api/bot/game/BErrSd0c/move/h3g2?offeringDraw=false HTTP/1.1" 200 11
2024-04-23 21:43:53,800 __mp_main__ (lichess-bot.py:725) DEBUG Game state: {'type': 'gameState', 'moves': 'e2e4 c7c5 g1f3 b8c6 d2d4 c6b8 d4c5 e7e6 b1c3 g8f6 f1c4 f6e4 c3e4 d7d5 c1g5 d8g5 e4g5 b7b6 c4b5 e8e7 f3e5 b8d7 e5d7 f7f6 g5f3 h8g8 c5b6 a7b6 d7b6 e7d6 b6a8 e6e5 a8b6 c8h3 d1d5 d6e7 b5c4 h3g2', 'wtime': 558270, 'btime': 596550, 'winc': 10000, 'binc': 10000, 'status': 'started'}
2024-04-23 21:43:55,408 __mp_main__ (lichess-bot.py:725) DEBUG Game state: {'type': 'gameState', 'moves': 'e2e4 c7c5 g1f3 b8c6 d2d4 c6b8 d4c5 e7e6 b1c3 g8f6 f1c4 f6e4 c3e4 d7d5 c1g5 d8g5 e4g5 b7b6 c4b5 e8e7 f3e5 b8d7 e5d7 f7f6 g5f3 h8g8 c5b6 a7b6 d7b6 e7d6 b6a8 e6e5 a8b6 c8h3 d1d5 d6e7 b5c4 h3g2 d5e6', 'wtime': 566760, 'btime': 596550, 'winc': 10000, 'binc': 10000, 'status': 'started'}
2024-04-23 21:43:55,408 __mp_main__ (lichess-bot.py:716) INFO 
2024-04-23 21:43:55,408 __mp_main__ (lichess-bot.py:717) INFO move: 20
2024-04-23 21:43:55,409 lib.engine_wrapper (engine_wrapper.py:709) INFO Searching for wtime 566760 btime 594550 for game BErrSd0c
2024-04-23 21:43:55,415 lib.engine_wrapper (engine_wrapper.py:322) INFO Source: Engine
2024-04-23 21:43:55,518 urllib3.connectionpool (connectionpool.py:549) DEBUG https://lichess.org:443 "POST /api/bot/game/BErrSd0c/move/e7d8?offeringDraw=false HTTP/1.1" 200 11
2024-04-23 21:43:55,519 __mp_main__ (lichess-bot.py:725) DEBUG Game state: {'type': 'gameState', 'moves': 'e2e4 c7c5 g1f3 b8c6 d2d4 c6b8 d4c5 e7e6 b1c3 g8f6 f1c4 f6e4 c3e4 d7d5 c1g5 d8g5 e4g5 b7b6 c4b5 e8e7 f3e5 b8d7 e5d7 f7f6 g5f3 h8g8 c5b6 a7b6 d7b6 e7d6 b6a8 e6e5 a8b6 c8h3 d1d5 d6e7 b5c4 h3g2 d5e6 e7d8', 'wtime': 566760, 'btime': 606440, 'winc': 10000, 'binc': 10000, 'status': 'started'}
2024-04-23 21:43:57,022 __mp_main__ (lichess-bot.py:725) DEBUG Game state: {'type': 'gameState', 'moves': 'e2e4 c7c5 g1f3 b8c6 d2d4 c6b8 d4c5 e7e6 b1c3 g8f6 f1c4 f6e4 c3e4 d7d5 c1g5 d8g5 e4g5 b7b6 c4b5 e8e7 f3e5 b8d7 e5d7 f7f6 g5f3 h8g8 c5b6 a7b6 d7b6 e7d6 b6a8 e6e5 a8b6 c8h3 d1d5 d6e7 b5c4 h3g2 d5e6 e7d8 e6d7', 'wtime': 565520, 'btime': 606440, 'winc': 10000, 'binc': 10000, 'status': 'mate', 'winner': 'white'}
2024-04-23 21:43:57,023 __mp_main__ (lichess-bot.py:816) INFO ChecKyle won!
2024-04-23 21:43:57,024 __mp_main__ (lichess-bot.py:827) INFO Game won by checkmate.
2024-04-23 21:43:57,024 lib.conversation (conversation.py:86) INFO *** https://lichess.org/BErrSd0c/black [player] KS_ChessAI: Good game, thanks for playing! If you haven't read the paper yet, please consider giving it a read.
2024-04-23 21:43:57,024 __main__ (lichess-bot.py:404) DEBUG Event: {'type': 'gameFinish', 'game': {'fullId': 'BErrSd0cM9ib', 'gameId': 'BErrSd0c', 'fen': '3k1br1/3Q2pp/1N3p2/4p3/2B5/5N2/PPP2PbP/R3K2R b KQ - 3 21', 'color': 'black', 'lastMove': 'e6d7', 'source': 'friend', 'status': {'id': 30, 'name': 'mate'}, 'variant': {'key': 'standard', 'name': 'Standard'}, 'speed': 'rapid', 'perf': 'rapid', 'rated': False, 'hasMoved': True, 'opponent': {'id': 'checkyle', 'username': 'ChecKyle', 'rating': 1667}, 'isMyTurn': False, 'secondsLeft': 606, 'winner': 'white', 'compat': {'bot': True, 'board': True}, 'id': 'BErrSd0c'}}
2024-04-23 21:43:57,133 urllib3.connectionpool (connectionpool.py:549) DEBUG https://lichess.org:443 "POST /api/bot/game/BErrSd0c/chat HTTP/1.1" 200 11
2024-04-23 21:43:57,133 lib.conversation (conversation.py:86) INFO *** https://lichess.org/BErrSd0c/black [spectator] KS_ChessAI: Thanks for watching!
2024-04-23 21:43:57,232 urllib3.connectionpool (connectionpool.py:549) DEBUG https://lichess.org:443 "POST /api/bot/game/BErrSd0c/chat HTTP/1.1" 200 11
2024-04-23 21:43:57,233 __mp_main__ (lichess-bot.py:790) INFO --- https://lichess.org/BErrSd0c/black Game over
2024-04-23 21:43:57,234 __main__ (lichess-bot.py:404) DEBUG Event: {'type': 'local_game_done', 'game': {'id': 'BErrSd0c', 'pgn': '', 'complete': True}}
2024-04-23 21:43:57,234 __main__ (lichess-bot.py:274) INFO +++ Process Freed. Count: 0. IDs: None
2024-04-23 21:47:51,657 __main__ (lichess-bot.py:404) DEBUG Event: {'type': 'correspondence_ping'}
2024-04-23 21:52:51,657 __main__ (lichess-bot.py:404) DEBUG Event: {'type': 'correspondence_ping'}
2024-04-23 21:57:51,657 __main__ (lichess-bot.py:404) DEBUG Event: {'type': 'correspondence_ping'}
2024-04-23 22:02:51,657 __main__ (lichess-bot.py:404) DEBUG Event: {'type': 'correspondence_ping'}
2024-04-23 22:07:51,657 __main__ (lichess-bot.py:404) DEBUG Event: {'type': 'correspondence_ping'}
2024-04-23 22:12:51,657 __main__ (lichess-bot.py:404) DEBUG Event: {'type': 'correspondence_ping'}
2024-04-23 22:17:51,658 __main__ (lichess-bot.py:404) DEBUG Event: {'type': 'correspondence_ping'}
2024-04-23 22:22:51,658 __main__ (lichess-bot.py:404) DEBUG Event: {'type': 'correspondence_ping'}
2024-04-23 22:27:51,658 __main__ (lichess-bot.py:404) DEBUG Event: {'type': 'correspondence_ping'}
2024-04-23 22:32:51,659 __main__ (lichess-bot.py:404) DEBUG Event: {'type': 'correspondence_ping'}
2024-04-23 22:37:51,659 __main__ (lichess-bot.py:404) DEBUG Event: {'type': 'correspondence_ping'}
2024-04-23 22:42:51,241 urllib3.connectionpool (connectionpool.py:292) DEBUG Resetting dropped connection: lichess.org
2024-04-23 22:42:51,778 urllib3.connectionpool (connectionpool.py:549) DEBUG https://lichess.org:443 "GET /api/users/status?ids=ks_chessai HTTP/1.1" 200 None
2024-04-23 22:42:51,779 __main__ (lichess-bot.py:404) DEBUG Event: {'type': 'correspondence_ping'}
2024-04-23 22:47:51,660 __main__ (lichess-bot.py:404) DEBUG Event: {'type': 'correspondence_ping'}
2024-04-23 22:52:51,660 __main__ (lichess-bot.py:404) DEBUG Event: {'type': 'correspondence_ping'}
2024-04-23 22:57:51,660 __main__ (lichess-bot.py:404) DEBUG Event: {'type': 'correspondence_ping'}
2024-04-23 23:02:51,661 __main__ (lichess-bot.py:404) DEBUG Event: {'type': 'correspondence_ping'}
2024-04-23 23:07:51,662 __main__ (lichess-bot.py:404) DEBUG Event: {'type': 'correspondence_ping'}
2024-04-23 23:12:51,662 __main__ (lichess-bot.py:404) DEBUG Event: {'type': 'correspondence_ping'}
2024-04-23 23:17:51,663 __main__ (lichess-bot.py:404) DEBUG Event: {'type': 'correspondence_ping'}
2024-04-23 23:22:51,663 __main__ (lichess-bot.py:404) DEBUG Event: {'type': 'correspondence_ping'}
2024-04-23 23:27:51,664 __main__ (lichess-bot.py:404) DEBUG Event: {'type': 'correspondence_ping'}
2024-04-23 23:32:51,664 __main__ (lichess-bot.py:404) DEBUG Event: {'type': 'correspondence_ping'}
2024-04-23 23:37:51,664 __main__ (lichess-bot.py:404) DEBUG Event: {'type': 'correspondence_ping'}
2024-04-23 23:42:51,665 __main__ (lichess-bot.py:404) DEBUG Event: {'type': 'correspondence_ping'}
2024-04-23 23:42:56,761 urllib3.connectionpool (connectionpool.py:292) DEBUG Resetting dropped connection: lichess.org
2024-04-23 23:42:57,291 urllib3.connectionpool (connectionpool.py:549) DEBUG https://lichess.org:443 "GET /api/users/status?ids=ks_chessai HTTP/1.1" 200 None
2024-04-23 23:47:51,665 __main__ (lichess-bot.py:404) DEBUG Event: {'type': 'correspondence_ping'}
2024-04-23 23:52:51,666 __main__ (lichess-bot.py:404) DEBUG Event: {'type': 'correspondence_ping'}
2024-04-23 23:57:51,666 __main__ (lichess-bot.py:404) DEBUG Event: {'type': 'correspondence_ping'}
2024-04-24 00:02:51,667 __main__ (lichess-bot.py:404) DEBUG Event: {'type': 'correspondence_ping'}
2024-04-24 00:07:51,667 __main__ (lichess-bot.py:404) DEBUG Event: {'type': 'correspondence_ping'}
2024-04-24 00:12:51,667 __main__ (lichess-bot.py:404) DEBUG Event: {'type': 'correspondence_ping'}
2024-04-24 00:17:51,667 __main__ (lichess-bot.py:404) DEBUG Event: {'type': 'correspondence_ping'}
2024-04-24 00:22:51,668 __main__ (lichess-bot.py:404) DEBUG Event: {'type': 'correspondence_ping'}
2024-04-24 00:27:51,667 __main__ (lichess-bot.py:404) DEBUG Event: {'type': 'correspondence_ping'}
2024-04-24 00:32:51,668 __main__ (lichess-bot.py:404) DEBUG Event: {'type': 'correspondence_ping'}
2024-04-24 00:37:51,668 __main__ (lichess-bot.py:404) DEBUG Event: {'type': 'correspondence_ping'}
2024-04-24 00:42:51,668 __main__ (lichess-bot.py:404) DEBUG Event: {'type': 'correspondence_ping'}
2024-04-24 00:43:01,863 urllib3.connectionpool (connectionpool.py:292) DEBUG Resetting dropped connection: lichess.org
2024-04-24 00:43:02,426 urllib3.connectionpool (connectionpool.py:549) DEBUG https://lichess.org:443 "GET /api/users/status?ids=ks_chessai HTTP/1.1" 200 None
2024-04-24 00:47:51,667 __main__ (lichess-bot.py:404) DEBUG Event: {'type': 'correspondence_ping'}
2024-04-24 00:52:51,667 __main__ (lichess-bot.py:404) DEBUG Event: {'type': 'correspondence_ping'}
2024-04-24 00:57:51,667 __main__ (lichess-bot.py:404) DEBUG Event: {'type': 'correspondence_ping'}
2024-04-24 01:02:51,667 __main__ (lichess-bot.py:404) DEBUG Event: {'type': 'correspondence_ping'}
2024-04-24 01:07:51,666 __main__ (lichess-bot.py:404) DEBUG Event: {'type': 'correspondence_ping'}
2024-04-24 01:12:51,665 __main__ (lichess-bot.py:404) DEBUG Event: {'type': 'correspondence_ping'}
2024-04-24 01:17:51,665 __main__ (lichess-bot.py:404) DEBUG Event: {'type': 'correspondence_ping'}
2024-04-24 01:22:51,665 __main__ (lichess-bot.py:404) DEBUG Event: {'type': 'correspondence_ping'}
2024-04-24 01:27:51,665 __main__ (lichess-bot.py:404) DEBUG Event: {'type': 'correspondence_ping'}
2024-04-24 01:32:51,665 __main__ (lichess-bot.py:404) DEBUG Event: {'type': 'correspondence_ping'}
2024-04-24 01:37:51,665 __main__ (lichess-bot.py:404) DEBUG Event: {'type': 'correspondence_ping'}
2024-04-24 01:42:51,665 __main__ (lichess-bot.py:404) DEBUG Event: {'type': 'correspondence_ping'}
2024-04-24 01:43:06,786 urllib3.connectionpool (connectionpool.py:292) DEBUG Resetting dropped connection: lichess.org
2024-04-24 01:43:07,376 urllib3.connectionpool (connectionpool.py:549) DEBUG https://lichess.org:443 "GET /api/users/status?ids=ks_chessai HTTP/1.1" 200 None
2024-04-24 01:47:51,665 __main__ (lichess-bot.py:404) DEBUG Event: {'type': 'correspondence_ping'}
2024-04-24 01:52:51,666 __main__ (lichess-bot.py:404) DEBUG Event: {'type': 'correspondence_ping'}
2024-04-24 01:57:51,666 __main__ (lichess-bot.py:404) DEBUG Event: {'type': 'correspondence_ping'}
2024-04-24 02:02:51,667 __main__ (lichess-bot.py:404) DEBUG Event: {'type': 'correspondence_ping'}
2024-04-24 02:07:51,667 __main__ (lichess-bot.py:404) DEBUG Event: {'type': 'correspondence_ping'}
2024-04-24 02:12:51,667 __main__ (lichess-bot.py:404) DEBUG Event: {'type': 'correspondence_ping'}
2024-04-24 02:17:51,668 __main__ (lichess-bot.py:404) DEBUG Event: {'type': 'correspondence_ping'}
2024-04-24 02:22:51,668 __main__ (lichess-bot.py:404) DEBUG Event: {'type': 'correspondence_ping'}
2024-04-24 02:27:51,668 __main__ (lichess-bot.py:404) DEBUG Event: {'type': 'correspondence_ping'}
2024-04-24 02:32:51,669 __main__ (lichess-bot.py:404) DEBUG Event: {'type': 'correspondence_ping'}
2024-04-24 02:37:51,669 __main__ (lichess-bot.py:404) DEBUG Event: {'type': 'correspondence_ping'}
2024-04-24 02:42:51,669 __main__ (lichess-bot.py:404) DEBUG Event: {'type': 'correspondence_ping'}
2024-04-24 02:43:10,954 urllib3.connectionpool (connectionpool.py:292) DEBUG Resetting dropped connection: lichess.org
2024-04-24 02:43:11,532 urllib3.connectionpool (connectionpool.py:549) DEBUG https://lichess.org:443 "GET /api/users/status?ids=ks_chessai HTTP/1.1" 200 None
2024-04-24 02:47:51,669 __main__ (lichess-bot.py:404) DEBUG Event: {'type': 'correspondence_ping'}
2024-04-24 02:52:51,669 __main__ (lichess-bot.py:404) DEBUG Event: {'type': 'correspondence_ping'}
2024-04-24 02:57:51,670 __main__ (lichess-bot.py:404) DEBUG Event: {'type': 'correspondence_ping'}
2024-04-24 03:02:51,671 __main__ (lichess-bot.py:404) DEBUG Event: {'type': 'correspondence_ping'}
2024-04-24 03:07:51,671 __main__ (lichess-bot.py:404) DEBUG Event: {'type': 'correspondence_ping'}
2024-04-24 03:12:51,672 __main__ (lichess-bot.py:404) DEBUG Event: {'type': 'correspondence_ping'}
2024-04-24 03:17:51,672 __main__ (lichess-bot.py:404) DEBUG Event: {'type': 'correspondence_ping'}
2024-04-24 03:22:51,672 __main__ (lichess-bot.py:404) DEBUG Event: {'type': 'correspondence_ping'}
2024-04-24 03:27:51,672 __main__ (lichess-bot.py:404) DEBUG Event: {'type': 'correspondence_ping'}
2024-04-24 03:32:51,672 __main__ (lichess-bot.py:404) DEBUG Event: {'type': 'correspondence_ping'}
2024-04-24 03:37:51,673 __main__ (lichess-bot.py:404) DEBUG Event: {'type': 'correspondence_ping'}
2024-04-24 03:42:51,673 __main__ (lichess-bot.py:404) DEBUG Event: {'type': 'correspondence_ping'}
2024-04-24 03:43:14,826 urllib3.connectionpool (connectionpool.py:292) DEBUG Resetting dropped connection: lichess.org
2024-04-24 03:43:15,357 urllib3.connectionpool (connectionpool.py:549) DEBUG https://lichess.org:443 "GET /api/users/status?ids=ks_chessai HTTP/1.1" 200 None
2024-04-24 03:47:51,673 __main__ (lichess-bot.py:404) DEBUG Event: {'type': 'correspondence_ping'}
2024-04-24 03:52:51,674 __main__ (lichess-bot.py:404) DEBUG Event: {'type': 'correspondence_ping'}
2024-04-24 03:57:51,674 __main__ (lichess-bot.py:404) DEBUG Event: {'type': 'correspondence_ping'}
2024-04-24 04:02:51,674 __main__ (lichess-bot.py:404) DEBUG Event: {'type': 'correspondence_ping'}
2024-04-24 04:07:51,675 __main__ (lichess-bot.py:404) DEBUG Event: {'type': 'correspondence_ping'}
2024-04-24 04:12:51,675 __main__ (lichess-bot.py:404) DEBUG Event: {'type': 'correspondence_ping'}
2024-04-24 04:17:51,675 __main__ (lichess-bot.py:404) DEBUG Event: {'type': 'correspondence_ping'}
2024-04-24 04:22:51,675 __main__ (lichess-bot.py:404) DEBUG Event: {'type': 'correspondence_ping'}
2024-04-24 04:27:51,675 __main__ (lichess-bot.py:404) DEBUG Event: {'type': 'correspondence_ping'}
2024-04-24 04:32:51,676 __main__ (lichess-bot.py:404) DEBUG Event: {'type': 'correspondence_ping'}
2024-04-24 04:37:51,676 __main__ (lichess-bot.py:404) DEBUG Event: {'type': 'correspondence_ping'}
2024-04-24 04:42:51,676 __main__ (lichess-bot.py:404) DEBUG Event: {'type': 'correspondence_ping'}
2024-04-24 04:43:18,650 urllib3.connectionpool (connectionpool.py:292) DEBUG Resetting dropped connection: lichess.org
2024-04-24 04:43:19,159 urllib3.connectionpool (connectionpool.py:549) DEBUG https://lichess.org:443 "GET /api/users/status?ids=ks_chessai HTTP/1.1" 200 None
2024-04-24 04:47:51,677 __main__ (lichess-bot.py:404) DEBUG Event: {'type': 'correspondence_ping'}
2024-04-24 04:52:51,677 __main__ (lichess-bot.py:404) DEBUG Event: {'type': 'correspondence_ping'}
2024-04-24 04:57:51,677 __main__ (lichess-bot.py:404) DEBUG Event: {'type': 'correspondence_ping'}
2024-04-24 05:02:51,678 __main__ (lichess-bot.py:404) DEBUG Event: {'type': 'correspondence_ping'}
2024-04-24 05:07:51,678 __main__ (lichess-bot.py:404) DEBUG Event: {'type': 'correspondence_ping'}
2024-04-24 05:12:51,678 __main__ (lichess-bot.py:404) DEBUG Event: {'type': 'correspondence_ping'}
2024-04-24 05:17:51,678 __main__ (lichess-bot.py:404) DEBUG Event: {'type': 'correspondence_ping'}
2024-04-24 05:22:51,678 __main__ (lichess-bot.py:404) DEBUG Event: {'type': 'correspondence_ping'}
2024-04-24 05:27:51,678 __main__ (lichess-bot.py:404) DEBUG Event: {'type': 'correspondence_ping'}
2024-04-24 05:32:51,678 __main__ (lichess-bot.py:404) DEBUG Event: {'type': 'correspondence_ping'}
2024-04-24 05:37:51,678 __main__ (lichess-bot.py:404) DEBUG Event: {'type': 'correspondence_ping'}
2024-04-24 05:42:51,678 __main__ (lichess-bot.py:404) DEBUG Event: {'type': 'correspondence_ping'}
2024-04-24 05:43:21,835 urllib3.connectionpool (connectionpool.py:292) DEBUG Resetting dropped connection: lichess.org
2024-04-24 05:43:22,357 urllib3.connectionpool (connectionpool.py:549) DEBUG https://lichess.org:443 "GET /api/users/status?ids=ks_chessai HTTP/1.1" 200 None
2024-04-24 05:47:51,679 __main__ (lichess-bot.py:404) DEBUG Event: {'type': 'correspondence_ping'}
2024-04-24 05:52:51,679 __main__ (lichess-bot.py:404) DEBUG Event: {'type': 'correspondence_ping'}
2024-04-24 05:57:51,679 __main__ (lichess-bot.py:404) DEBUG Event: {'type': 'correspondence_ping'}
2024-04-24 06:02:51,679 __main__ (lichess-bot.py:404) DEBUG Event: {'type': 'correspondence_ping'}
2024-04-24 06:07:51,680 __main__ (lichess-bot.py:404) DEBUG Event: {'type': 'correspondence_ping'}
2024-04-24 06:12:51,680 __main__ (lichess-bot.py:404) DEBUG Event: {'type': 'correspondence_ping'}
2024-04-24 06:17:51,680 __main__ (lichess-bot.py:404) DEBUG Event: {'type': 'correspondence_ping'}
2024-04-24 06:22:51,680 __main__ (lichess-bot.py:404) DEBUG Event: {'type': 'correspondence_ping'}
2024-04-24 06:27:51,681 __main__ (lichess-bot.py:404) DEBUG Event: {'type': 'correspondence_ping'}
2024-04-24 06:32:51,681 __main__ (lichess-bot.py:404) DEBUG Event: {'type': 'correspondence_ping'}
2024-04-24 06:37:51,681 __main__ (lichess-bot.py:404) DEBUG Event: {'type': 'correspondence_ping'}
2024-04-24 06:42:51,682 __main__ (lichess-bot.py:404) DEBUG Event: {'type': 'correspondence_ping'}
2024-04-24 06:43:24,823 urllib3.connectionpool (connectionpool.py:292) DEBUG Resetting dropped connection: lichess.org
2024-04-24 06:43:25,368 urllib3.connectionpool (connectionpool.py:549) DEBUG https://lichess.org:443 "GET /api/users/status?ids=ks_chessai HTTP/1.1" 200 None
2024-04-24 06:47:51,682 __main__ (lichess-bot.py:404) DEBUG Event: {'type': 'correspondence_ping'}
2024-04-24 06:52:51,682 __main__ (lichess-bot.py:404) DEBUG Event: {'type': 'correspondence_ping'}
2024-04-24 06:57:51,682 __main__ (lichess-bot.py:404) DEBUG Event: {'type': 'correspondence_ping'}
2024-04-24 07:02:51,682 __main__ (lichess-bot.py:404) DEBUG Event: {'type': 'correspondence_ping'}
2024-04-24 07:07:51,682 __main__ (lichess-bot.py:404) DEBUG Event: {'type': 'correspondence_ping'}
2024-04-24 07:12:51,682 __main__ (lichess-bot.py:404) DEBUG Event: {'type': 'correspondence_ping'}
2024-04-24 07:17:51,682 __main__ (lichess-bot.py:404) DEBUG Event: {'type': 'correspondence_ping'}
2024-04-24 07:22:51,682 __main__ (lichess-bot.py:404) DEBUG Event: {'type': 'correspondence_ping'}
2024-04-24 07:27:51,683 __main__ (lichess-bot.py:404) DEBUG Event: {'type': 'correspondence_ping'}
2024-04-24 07:32:51,683 __main__ (lichess-bot.py:404) DEBUG Event: {'type': 'correspondence_ping'}
2024-04-24 07:37:51,683 __main__ (lichess-bot.py:404) DEBUG Event: {'type': 'correspondence_ping'}
2024-04-24 07:42:51,683 __main__ (lichess-bot.py:404) DEBUG Event: {'type': 'correspondence_ping'}
2024-04-24 07:43:27,562 urllib3.connectionpool (connectionpool.py:292) DEBUG Resetting dropped connection: lichess.org
2024-04-24 07:43:28,093 urllib3.connectionpool (connectionpool.py:549) DEBUG https://lichess.org:443 "GET /api/users/status?ids=ks_chessai HTTP/1.1" 200 None
2024-04-24 07:47:51,683 __main__ (lichess-bot.py:404) DEBUG Event: {'type': 'correspondence_ping'}
2024-04-24 07:52:51,683 __main__ (lichess-bot.py:404) DEBUG Event: {'type': 'correspondence_ping'}
2024-04-24 07:57:51,683 __main__ (lichess-bot.py:404) DEBUG Event: {'type': 'correspondence_ping'}
2024-04-24 08:02:51,683 __main__ (lichess-bot.py:404) DEBUG Event: {'type': 'correspondence_ping'}
2024-04-24 08:07:51,684 __main__ (lichess-bot.py:404) DEBUG Event: {'type': 'correspondence_ping'}
2024-04-24 08:12:51,684 __main__ (lichess-bot.py:404) DEBUG Event: {'type': 'correspondence_ping'}
2024-04-24 08:17:51,684 __main__ (lichess-bot.py:404) DEBUG Event: {'type': 'correspondence_ping'}
2024-04-24 08:22:51,684 __main__ (lichess-bot.py:404) DEBUG Event: {'type': 'correspondence_ping'}
2024-04-24 08:27:51,685 __main__ (lichess-bot.py:404) DEBUG Event: {'type': 'correspondence_ping'}
2024-04-24 08:32:51,685 __main__ (lichess-bot.py:404) DEBUG Event: {'type': 'correspondence_ping'}
2024-04-24 08:37:51,686 __main__ (lichess-bot.py:404) DEBUG Event: {'type': 'correspondence_ping'}
2024-04-24 08:42:51,686 __main__ (lichess-bot.py:404) DEBUG Event: {'type': 'correspondence_ping'}
2024-04-24 08:43:30,485 urllib3.connectionpool (connectionpool.py:292) DEBUG Resetting dropped connection: lichess.org
2024-04-24 08:43:31,027 urllib3.connectionpool (connectionpool.py:549) DEBUG https://lichess.org:443 "GET /api/users/status?ids=ks_chessai HTTP/1.1" 200 None
2024-04-24 08:47:51,686 __main__ (lichess-bot.py:404) DEBUG Event: {'type': 'correspondence_ping'}
2024-04-24 08:52:51,686 __main__ (lichess-bot.py:404) DEBUG Event: {'type': 'correspondence_ping'}
2024-04-24 08:57:51,686 __main__ (lichess-bot.py:404) DEBUG Event: {'type': 'correspondence_ping'}
2024-04-24 09:02:51,687 __main__ (lichess-bot.py:404) DEBUG Event: {'type': 'correspondence_ping'}
2024-04-24 09:07:51,687 __main__ (lichess-bot.py:404) DEBUG Event: {'type': 'correspondence_ping'}
2024-04-24 09:12:51,687 __main__ (lichess-bot.py:404) DEBUG Event: {'type': 'correspondence_ping'}
2024-04-24 09:17:51,687 __main__ (lichess-bot.py:404) DEBUG Event: {'type': 'correspondence_ping'}
2024-04-24 09:22:51,687 __main__ (lichess-bot.py:404) DEBUG Event: {'type': 'correspondence_ping'}
2024-04-24 09:27:51,688 __main__ (lichess-bot.py:404) DEBUG Event: {'type': 'correspondence_ping'}
2024-04-24 09:32:51,688 __main__ (lichess-bot.py:404) DEBUG Event: {'type': 'correspondence_ping'}
2024-04-24 09:37:51,688 __main__ (lichess-bot.py:404) DEBUG Event: {'type': 'correspondence_ping'}
2024-04-24 09:42:51,689 __main__ (lichess-bot.py:404) DEBUG Event: {'type': 'correspondence_ping'}
2024-04-24 09:43:32,932 urllib3.connectionpool (connectionpool.py:292) DEBUG Resetting dropped connection: lichess.org
2024-04-24 09:43:33,466 urllib3.connectionpool (connectionpool.py:549) DEBUG https://lichess.org:443 "GET /api/users/status?ids=ks_chessai HTTP/1.1" 200 None
2024-04-24 09:47:51,687 __main__ (lichess-bot.py:404) DEBUG Event: {'type': 'correspondence_ping'}
2024-04-24 09:52:51,684 __main__ (lichess-bot.py:404) DEBUG Event: {'type': 'correspondence_ping'}
2024-04-24 09:57:51,681 __main__ (lichess-bot.py:404) DEBUG Event: {'type': 'correspondence_ping'}
2024-04-24 10:02:51,679 __main__ (lichess-bot.py:404) DEBUG Event: {'type': 'correspondence_ping'}
2024-04-24 10:07:51,676 __main__ (lichess-bot.py:404) DEBUG Event: {'type': 'correspondence_ping'}
2024-04-24 10:12:51,673 __main__ (lichess-bot.py:404) DEBUG Event: {'type': 'correspondence_ping'}
2024-04-24 10:17:51,671 __main__ (lichess-bot.py:404) DEBUG Event: {'type': 'correspondence_ping'}
2024-04-24 10:22:51,668 __main__ (lichess-bot.py:404) DEBUG Event: {'type': 'correspondence_ping'}
2024-04-24 10:27:51,665 __main__ (lichess-bot.py:404) DEBUG Event: {'type': 'correspondence_ping'}
2024-04-24 10:32:51,663 __main__ (lichess-bot.py:404) DEBUG Event: {'type': 'correspondence_ping'}
2024-04-24 10:37:51,660 __main__ (lichess-bot.py:404) DEBUG Event: {'type': 'correspondence_ping'}
2024-04-24 10:42:51,657 __main__ (lichess-bot.py:404) DEBUG Event: {'type': 'correspondence_ping'}
2024-04-24 10:43:35,433 urllib3.connectionpool (connectionpool.py:292) DEBUG Resetting dropped connection: lichess.org
2024-04-24 10:43:35,963 urllib3.connectionpool (connectionpool.py:549) DEBUG https://lichess.org:443 "GET /api/users/status?ids=ks_chessai HTTP/1.1" 200 None
2024-04-24 10:47:51,657 __main__ (lichess-bot.py:404) DEBUG Event: {'type': 'correspondence_ping'}
2024-04-24 10:52:51,657 __main__ (lichess-bot.py:404) DEBUG Event: {'type': 'correspondence_ping'}
2024-04-24 10:57:51,657 __main__ (lichess-bot.py:404) DEBUG Event: {'type': 'correspondence_ping'}
2024-04-24 11:02:51,657 __main__ (lichess-bot.py:404) DEBUG Event: {'type': 'correspondence_ping'}
2024-04-24 11:07:51,657 __main__ (lichess-bot.py:404) DEBUG Event: {'type': 'correspondence_ping'}
2024-04-24 11:12:51,657 __main__ (lichess-bot.py:404) DEBUG Event: {'type': 'correspondence_ping'}
2024-04-24 11:17:51,657 __main__ (lichess-bot.py:404) DEBUG Event: {'type': 'correspondence_ping'}
2024-04-24 11:22:51,657 __main__ (lichess-bot.py:404) DEBUG Event: {'type': 'correspondence_ping'}
2024-04-24 11:27:51,657 __main__ (lichess-bot.py:404) DEBUG Event: {'type': 'correspondence_ping'}
2024-04-24 11:32:51,658 __main__ (lichess-bot.py:404) DEBUG Event: {'type': 'correspondence_ping'}
2024-04-24 11:37:51,658 __main__ (lichess-bot.py:404) DEBUG Event: {'type': 'correspondence_ping'}
2024-04-24 11:42:51,658 __main__ (lichess-bot.py:404) DEBUG Event: {'type': 'correspondence_ping'}
2024-04-24 11:43:37,528 urllib3.connectionpool (connectionpool.py:292) DEBUG Resetting dropped connection: lichess.org
2024-04-24 11:43:38,087 urllib3.connectionpool (connectionpool.py:549) DEBUG https://lichess.org:443 "GET /api/users/status?ids=ks_chessai HTTP/1.1" 200 None
2024-04-24 11:47:51,658 __main__ (lichess-bot.py:404) DEBUG Event: {'type': 'correspondence_ping'}
2024-04-24 11:52:51,658 __main__ (lichess-bot.py:404) DEBUG Event: {'type': 'correspondence_ping'}
2024-04-24 11:57:51,658 __main__ (lichess-bot.py:404) DEBUG Event: {'type': 'correspondence_ping'}
2024-04-24 12:02:51,658 __main__ (lichess-bot.py:404) DEBUG Event: {'type': 'correspondence_ping'}
2024-04-24 12:07:51,658 __main__ (lichess-bot.py:404) DEBUG Event: {'type': 'correspondence_ping'}
2024-04-24 12:12:51,659 __main__ (lichess-bot.py:404) DEBUG Event: {'type': 'correspondence_ping'}
2024-04-24 12:17:51,659 __main__ (lichess-bot.py:404) DEBUG Event: {'type': 'correspondence_ping'}
2024-04-24 12:22:51,659 __main__ (lichess-bot.py:404) DEBUG Event: {'type': 'correspondence_ping'}
2024-04-24 12:27:51,659 __main__ (lichess-bot.py:404) DEBUG Event: {'type': 'correspondence_ping'}
2024-04-24 12:32:51,659 __main__ (lichess-bot.py:404) DEBUG Event: {'type': 'correspondence_ping'}
2024-04-24 12:37:51,659 __main__ (lichess-bot.py:404) DEBUG Event: {'type': 'correspondence_ping'}
2024-04-24 12:42:51,660 __main__ (lichess-bot.py:404) DEBUG Event: {'type': 'correspondence_ping'}
2024-04-24 12:43:39,535 urllib3.connectionpool (connectionpool.py:292) DEBUG Resetting dropped connection: lichess.org
2024-04-24 12:43:40,072 urllib3.connectionpool (connectionpool.py:549) DEBUG https://lichess.org:443 "GET /api/users/status?ids=ks_chessai HTTP/1.1" 200 None
2024-04-24 12:47:51,660 __main__ (lichess-bot.py:404) DEBUG Event: {'type': 'correspondence_ping'}
2024-04-24 12:52:51,661 __main__ (lichess-bot.py:404) DEBUG Event: {'type': 'correspondence_ping'}
2024-04-24 12:57:51,661 __main__ (lichess-bot.py:404) DEBUG Event: {'type': 'correspondence_ping'}
2024-04-24 13:02:51,661 __main__ (lichess-bot.py:404) DEBUG Event: {'type': 'correspondence_ping'}
2024-04-24 13:07:51,661 __main__ (lichess-bot.py:404) DEBUG Event: {'type': 'correspondence_ping'}
2024-04-24 13:12:51,661 __main__ (lichess-bot.py:404) DEBUG Event: {'type': 'correspondence_ping'}
2024-04-24 13:17:51,661 __main__ (lichess-bot.py:404) DEBUG Event: {'type': 'correspondence_ping'}
2024-04-24 13:22:51,661 __main__ (lichess-bot.py:404) DEBUG Event: {'type': 'correspondence_ping'}
2024-04-24 13:27:51,662 __main__ (lichess-bot.py:404) DEBUG Event: {'type': 'correspondence_ping'}
2024-04-24 13:32:51,662 __main__ (lichess-bot.py:404) DEBUG Event: {'type': 'correspondence_ping'}
2024-04-24 13:37:51,662 __main__ (lichess-bot.py:404) DEBUG Event: {'type': 'correspondence_ping'}
2024-04-24 13:42:51,662 __main__ (lichess-bot.py:404) DEBUG Event: {'type': 'correspondence_ping'}
2024-04-24 13:43:42,260 urllib3.connectionpool (connectionpool.py:292) DEBUG Resetting dropped connection: lichess.org
2024-04-24 13:43:42,780 urllib3.connectionpool (connectionpool.py:549) DEBUG https://lichess.org:443 "GET /api/users/status?ids=ks_chessai HTTP/1.1" 200 None
2024-04-24 13:47:51,662 __main__ (lichess-bot.py:404) DEBUG Event: {'type': 'correspondence_ping'}
2024-04-24 13:52:51,662 __main__ (lichess-bot.py:404) DEBUG Event: {'type': 'correspondence_ping'}
2024-04-24 13:57:51,662 __main__ (lichess-bot.py:404) DEBUG Event: {'type': 'correspondence_ping'}
2024-04-24 14:02:51,662 __main__ (lichess-bot.py:404) DEBUG Event: {'type': 'correspondence_ping'}
2024-04-24 14:07:51,662 __main__ (lichess-bot.py:404) DEBUG Event: {'type': 'correspondence_ping'}
2024-04-24 14:12:51,663 __main__ (lichess-bot.py:404) DEBUG Event: {'type': 'correspondence_ping'}
2024-04-24 14:17:51,663 __main__ (lichess-bot.py:404) DEBUG Event: {'type': 'correspondence_ping'}
2024-04-24 14:22:51,663 __main__ (lichess-bot.py:404) DEBUG Event: {'type': 'correspondence_ping'}
2024-04-24 14:27:51,664 __main__ (lichess-bot.py:404) DEBUG Event: {'type': 'correspondence_ping'}
2024-04-24 14:32:51,664 __main__ (lichess-bot.py:404) DEBUG Event: {'type': 'correspondence_ping'}
2024-04-24 14:37:51,664 __main__ (lichess-bot.py:404) DEBUG Event: {'type': 'correspondence_ping'}
2024-04-24 14:42:51,664 __main__ (lichess-bot.py:404) DEBUG Event: {'type': 'correspondence_ping'}
2024-04-24 14:43:44,876 urllib3.connectionpool (connectionpool.py:292) DEBUG Resetting dropped connection: lichess.org
2024-04-24 14:43:45,406 urllib3.connectionpool (connectionpool.py:549) DEBUG https://lichess.org:443 "GET /api/users/status?ids=ks_chessai HTTP/1.1" 200 None
2024-04-24 14:47:51,665 __main__ (lichess-bot.py:404) DEBUG Event: {'type': 'correspondence_ping'}
2024-04-24 14:52:51,665 __main__ (lichess-bot.py:404) DEBUG Event: {'type': 'correspondence_ping'}
2024-04-24 14:57:51,665 __main__ (lichess-bot.py:404) DEBUG Event: {'type': 'correspondence_ping'}
2024-04-24 15:02:51,665 __main__ (lichess-bot.py:404) DEBUG Event: {'type': 'correspondence_ping'}
2024-04-24 15:07:51,665 __main__ (lichess-bot.py:404) DEBUG Event: {'type': 'correspondence_ping'}
2024-04-24 15:12:51,665 __main__ (lichess-bot.py:404) DEBUG Event: {'type': 'correspondence_ping'}
2024-04-24 15:17:51,666 __main__ (lichess-bot.py:404) DEBUG Event: {'type': 'correspondence_ping'}
2024-04-24 15:22:51,666 __main__ (lichess-bot.py:404) DEBUG Event: {'type': 'correspondence_ping'}
2024-04-24 15:27:51,666 __main__ (lichess-bot.py:404) DEBUG Event: {'type': 'correspondence_ping'}
2024-04-24 15:32:51,667 __main__ (lichess-bot.py:404) DEBUG Event: {'type': 'correspondence_ping'}
2024-04-24 15:37:51,667 __main__ (lichess-bot.py:404) DEBUG Event: {'type': 'correspondence_ping'}
2024-04-24 15:42:51,667 __main__ (lichess-bot.py:404) DEBUG Event: {'type': 'correspondence_ping'}
2024-04-24 15:43:48,043 urllib3.connectionpool (connectionpool.py:292) DEBUG Resetting dropped connection: lichess.org
2024-04-24 15:43:48,569 urllib3.connectionpool (connectionpool.py:549) DEBUG https://lichess.org:443 "GET /api/users/status?ids=ks_chessai HTTP/1.1" 200 None
2024-04-24 15:47:51,667 __main__ (lichess-bot.py:404) DEBUG Event: {'type': 'correspondence_ping'}
2024-04-24 15:52:51,667 __main__ (lichess-bot.py:404) DEBUG Event: {'type': 'correspondence_ping'}
2024-04-24 15:57:51,668 __main__ (lichess-bot.py:404) DEBUG Event: {'type': 'correspondence_ping'}
2024-04-24 16:02:51,668 __main__ (lichess-bot.py:404) DEBUG Event: {'type': 'correspondence_ping'}
2024-04-24 16:07:51,668 __main__ (lichess-bot.py:404) DEBUG Event: {'type': 'correspondence_ping'}
2024-04-24 16:12:51,668 __main__ (lichess-bot.py:404) DEBUG Event: {'type': 'correspondence_ping'}
2024-04-24 16:17:51,669 __main__ (lichess-bot.py:404) DEBUG Event: {'type': 'correspondence_ping'}
2024-04-24 16:22:51,669 __main__ (lichess-bot.py:404) DEBUG Event: {'type': 'correspondence_ping'}
2024-04-24 16:27:51,669 __main__ (lichess-bot.py:404) DEBUG Event: {'type': 'correspondence_ping'}
2024-04-24 16:32:51,670 __main__ (lichess-bot.py:404) DEBUG Event: {'type': 'correspondence_ping'}
2024-04-24 16:37:51,670 __main__ (lichess-bot.py:404) DEBUG Event: {'type': 'correspondence_ping'}
2024-04-24 16:42:51,670 __main__ (lichess-bot.py:404) DEBUG Event: {'type': 'correspondence_ping'}
2024-04-24 16:43:50,737 urllib3.connectionpool (connectionpool.py:292) DEBUG Resetting dropped connection: lichess.org
2024-04-24 16:43:51,300 urllib3.connectionpool (connectionpool.py:549) DEBUG https://lichess.org:443 "GET /api/users/status?ids=ks_chessai HTTP/1.1" 200 None
2024-04-24 16:47:51,670 __main__ (lichess-bot.py:404) DEBUG Event: {'type': 'correspondence_ping'}
2024-04-24 16:52:51,670 __main__ (lichess-bot.py:404) DEBUG Event: {'type': 'correspondence_ping'}
2024-04-24 16:57:51,671 __main__ (lichess-bot.py:404) DEBUG Event: {'type': 'correspondence_ping'}
2024-04-24 17:02:51,671 __main__ (lichess-bot.py:404) DEBUG Event: {'type': 'correspondence_ping'}
2024-04-24 17:07:51,671 __main__ (lichess-bot.py:404) DEBUG Event: {'type': 'correspondence_ping'}
2024-04-24 17:12:51,672 __main__ (lichess-bot.py:404) DEBUG Event: {'type': 'correspondence_ping'}
2024-04-24 17:17:51,672 __main__ (lichess-bot.py:404) DEBUG Event: {'type': 'correspondence_ping'}
2024-04-24 17:22:51,672 __main__ (lichess-bot.py:404) DEBUG Event: {'type': 'correspondence_ping'}
2024-04-24 17:27:51,672 __main__ (lichess-bot.py:404) DEBUG Event: {'type': 'correspondence_ping'}
2024-04-24 17:32:51,672 __main__ (lichess-bot.py:404) DEBUG Event: {'type': 'correspondence_ping'}
2024-04-24 17:37:51,672 __main__ (lichess-bot.py:404) DEBUG Event: {'type': 'correspondence_ping'}
2024-04-24 17:42:51,672 __main__ (lichess-bot.py:404) DEBUG Event: {'type': 'correspondence_ping'}
2024-04-24 17:43:53,600 urllib3.connectionpool (connectionpool.py:292) DEBUG Resetting dropped connection: lichess.org
2024-04-24 17:43:54,144 urllib3.connectionpool (connectionpool.py:549) DEBUG https://lichess.org:443 "GET /api/users/status?ids=ks_chessai HTTP/1.1" 200 None
2024-04-24 17:47:51,673 __main__ (lichess-bot.py:404) DEBUG Event: {'type': 'correspondence_ping'}
2024-04-24 17:52:51,673 __main__ (lichess-bot.py:404) DEBUG Event: {'type': 'correspondence_ping'}
2024-04-24 17:57:51,673 __main__ (lichess-bot.py:404) DEBUG Event: {'type': 'correspondence_ping'}
2024-04-24 18:02:51,673 __main__ (lichess-bot.py:404) DEBUG Event: {'type': 'correspondence_ping'}
2024-04-24 18:07:51,673 __main__ (lichess-bot.py:404) DEBUG Event: {'type': 'correspondence_ping'}
2024-04-24 18:12:51,673 __main__ (lichess-bot.py:404) DEBUG Event: {'type': 'correspondence_ping'}
2024-04-24 18:17:51,673 __main__ (lichess-bot.py:404) DEBUG Event: {'type': 'correspondence_ping'}
2024-04-24 18:22:51,674 __main__ (lichess-bot.py:404) DEBUG Event: {'type': 'correspondence_ping'}
2024-04-24 18:27:51,674 __main__ (lichess-bot.py:404) DEBUG Event: {'type': 'correspondence_ping'}
2024-04-24 18:32:51,675 __main__ (lichess-bot.py:404) DEBUG Event: {'type': 'correspondence_ping'}
2024-04-24 18:37:51,675 __main__ (lichess-bot.py:404) DEBUG Event: {'type': 'correspondence_ping'}
2024-04-24 18:42:51,675 __main__ (lichess-bot.py:404) DEBUG Event: {'type': 'correspondence_ping'}
2024-04-24 18:43:57,543 urllib3.connectionpool (connectionpool.py:292) DEBUG Resetting dropped connection: lichess.org
2024-04-24 18:43:58,080 urllib3.connectionpool (connectionpool.py:549) DEBUG https://lichess.org:443 "GET /api/users/status?ids=ks_chessai HTTP/1.1" 200 None
2024-04-24 18:47:51,676 __main__ (lichess-bot.py:404) DEBUG Event: {'type': 'correspondence_ping'}
2024-04-24 18:52:51,674 __main__ (lichess-bot.py:404) DEBUG Event: {'type': 'correspondence_ping'}
2024-04-24 18:57:51,670 __main__ (lichess-bot.py:404) DEBUG Event: {'type': 'correspondence_ping'}
2024-04-24 19:02:51,666 __main__ (lichess-bot.py:404) DEBUG Event: {'type': 'correspondence_ping'}
2024-04-24 19:07:51,662 __main__ (lichess-bot.py:404) DEBUG Event: {'type': 'correspondence_ping'}
2024-04-24 19:12:51,657 __main__ (lichess-bot.py:404) DEBUG Event: {'type': 'correspondence_ping'}
2024-04-24 19:17:51,653 __main__ (lichess-bot.py:404) DEBUG Event: {'type': 'correspondence_ping'}
2024-04-24 19:22:51,648 __main__ (lichess-bot.py:404) DEBUG Event: {'type': 'correspondence_ping'}
2024-04-24 19:27:51,644 __main__ (lichess-bot.py:404) DEBUG Event: {'type': 'correspondence_ping'}
2024-04-24 19:32:51,639 __main__ (lichess-bot.py:404) DEBUG Event: {'type': 'correspondence_ping'}
2024-04-24 19:37:51,635 __main__ (lichess-bot.py:404) DEBUG Event: {'type': 'correspondence_ping'}
2024-04-24 19:42:51,631 __main__ (lichess-bot.py:404) DEBUG Event: {'type': 'correspondence_ping'}
2024-04-24 19:44:02,055 urllib3.connectionpool (connectionpool.py:292) DEBUG Resetting dropped connection: lichess.org
2024-04-24 19:44:02,609 urllib3.connectionpool (connectionpool.py:549) DEBUG https://lichess.org:443 "GET /api/users/status?ids=ks_chessai HTTP/1.1" 200 None
2024-04-24 19:47:51,627 __main__ (lichess-bot.py:404) DEBUG Event: {'type': 'correspondence_ping'}
2024-04-24 19:52:51,625 __main__ (lichess-bot.py:404) DEBUG Event: {'type': 'correspondence_ping'}
2024-04-24 19:57:51,625 __main__ (lichess-bot.py:404) DEBUG Event: {'type': 'correspondence_ping'}
2024-04-24 20:02:51,625 __main__ (lichess-bot.py:404) DEBUG Event: {'type': 'correspondence_ping'}
2024-04-24 20:07:51,626 __main__ (lichess-bot.py:404) DEBUG Event: {'type': 'correspondence_ping'}
2024-04-24 20:12:51,626 __main__ (lichess-bot.py:404) DEBUG Event: {'type': 'correspondence_ping'}
2024-04-24 20:17:51,626 __main__ (lichess-bot.py:404) DEBUG Event: {'type': 'correspondence_ping'}
2024-04-24 20:22:51,626 __main__ (lichess-bot.py:404) DEBUG Event: {'type': 'correspondence_ping'}
2024-04-24 20:27:51,626 __main__ (lichess-bot.py:404) DEBUG Event: {'type': 'correspondence_ping'}
2024-04-24 20:32:51,626 __main__ (lichess-bot.py:404) DEBUG Event: {'type': 'correspondence_ping'}
2024-04-24 20:37:51,627 __main__ (lichess-bot.py:404) DEBUG Event: {'type': 'correspondence_ping'}
2024-04-24 20:42:51,627 __main__ (lichess-bot.py:404) DEBUG Event: {'type': 'correspondence_ping'}
2024-04-24 20:44:07,009 urllib3.connectionpool (connectionpool.py:292) DEBUG Resetting dropped connection: lichess.org
2024-04-24 20:44:07,581 urllib3.connectionpool (connectionpool.py:549) DEBUG https://lichess.org:443 "GET /api/users/status?ids=ks_chessai HTTP/1.1" 200 None
2024-04-24 20:47:51,627 __main__ (lichess-bot.py:404) DEBUG Event: {'type': 'correspondence_ping'}
2024-04-24 20:52:51,627 __main__ (lichess-bot.py:404) DEBUG Event: {'type': 'correspondence_ping'}
2024-04-24 20:57:51,627 __main__ (lichess-bot.py:404) DEBUG Event: {'type': 'correspondence_ping'}
2024-04-24 21:02:51,628 __main__ (lichess-bot.py:404) DEBUG Event: {'type': 'correspondence_ping'}
2024-04-24 21:07:51,628 __main__ (lichess-bot.py:404) DEBUG Event: {'type': 'correspondence_ping'}
2024-04-24 21:12:51,628 __main__ (lichess-bot.py:404) DEBUG Event: {'type': 'correspondence_ping'}
2024-04-24 21:17:51,628 __main__ (lichess-bot.py:404) DEBUG Event: {'type': 'correspondence_ping'}
2024-04-24 21:22:51,629 __main__ (lichess-bot.py:404) DEBUG Event: {'type': 'correspondence_ping'}
2024-04-24 21:27:51,630 __main__ (lichess-bot.py:404) DEBUG Event: {'type': 'correspondence_ping'}
2024-04-24 21:32:51,630 __main__ (lichess-bot.py:404) DEBUG Event: {'type': 'correspondence_ping'}
2024-04-24 21:37:51,630 __main__ (lichess-bot.py:404) DEBUG Event: {'type': 'correspondence_ping'}
2024-04-24 21:42:51,631 __main__ (lichess-bot.py:404) DEBUG Event: {'type': 'correspondence_ping'}
2024-04-24 21:44:12,222 urllib3.connectionpool (connectionpool.py:292) DEBUG Resetting dropped connection: lichess.org
2024-04-24 21:44:12,758 urllib3.connectionpool (connectionpool.py:549) DEBUG https://lichess.org:443 "GET /api/users/status?ids=ks_chessai HTTP/1.1" 200 None
2024-04-24 21:47:51,631 __main__ (lichess-bot.py:404) DEBUG Event: {'type': 'correspondence_ping'}
2024-04-24 21:52:51,631 __main__ (lichess-bot.py:404) DEBUG Event: {'type': 'correspondence_ping'}
2024-04-24 21:57:51,632 __main__ (lichess-bot.py:404) DEBUG Event: {'type': 'correspondence_ping'}
2024-04-24 22:02:51,633 __main__ (lichess-bot.py:404) DEBUG Event: {'type': 'correspondence_ping'}
2024-04-24 22:07:51,633 __main__ (lichess-bot.py:404) DEBUG Event: {'type': 'correspondence_ping'}
2024-04-24 22:12:51,633 __main__ (lichess-bot.py:404) DEBUG Event: {'type': 'correspondence_ping'}
2024-04-24 22:17:51,633 __main__ (lichess-bot.py:404) DEBUG Event: {'type': 'correspondence_ping'}
2024-04-24 22:22:51,634 __main__ (lichess-bot.py:404) DEBUG Event: {'type': 'correspondence_ping'}
2024-04-24 22:27:51,634 __main__ (lichess-bot.py:404) DEBUG Event: {'type': 'correspondence_ping'}
2024-04-24 22:32:51,634 __main__ (lichess-bot.py:404) DEBUG Event: {'type': 'correspondence_ping'}
2024-04-24 22:37:51,634 __main__ (lichess-bot.py:404) DEBUG Event: {'type': 'correspondence_ping'}
2024-04-24 22:42:51,635 __main__ (lichess-bot.py:404) DEBUG Event: {'type': 'correspondence_ping'}
2024-04-24 22:44:17,361 urllib3.connectionpool (connectionpool.py:292) DEBUG Resetting dropped connection: lichess.org
2024-04-24 22:44:17,935 urllib3.connectionpool (connectionpool.py:549) DEBUG https://lichess.org:443 "GET /api/users/status?ids=ks_chessai HTTP/1.1" 200 None
2024-04-24 22:47:51,635 __main__ (lichess-bot.py:404) DEBUG Event: {'type': 'correspondence_ping'}
2024-04-24 22:52:51,635 __main__ (lichess-bot.py:404) DEBUG Event: {'type': 'correspondence_ping'}
2024-04-24 22:57:51,635 __main__ (lichess-bot.py:404) DEBUG Event: {'type': 'correspondence_ping'}
2024-04-24 23:02:51,636 __main__ (lichess-bot.py:404) DEBUG Event: {'type': 'correspondence_ping'}
2024-04-24 23:07:51,636 __main__ (lichess-bot.py:404) DEBUG Event: {'type': 'correspondence_ping'}
2024-04-24 23:12:51,636 __main__ (lichess-bot.py:404) DEBUG Event: {'type': 'correspondence_ping'}
2024-04-24 23:17:51,636 __main__ (lichess-bot.py:404) DEBUG Event: {'type': 'correspondence_ping'}
2024-04-24 23:22:51,637 __main__ (lichess-bot.py:404) DEBUG Event: {'type': 'correspondence_ping'}
2024-04-24 23:27:51,637 __main__ (lichess-bot.py:404) DEBUG Event: {'type': 'correspondence_ping'}
2024-04-24 23:32:51,637 __main__ (lichess-bot.py:404) DEBUG Event: {'type': 'correspondence_ping'}
2024-04-24 23:37:51,638 __main__ (lichess-bot.py:404) DEBUG Event: {'type': 'correspondence_ping'}
2024-04-24 23:42:51,638 __main__ (lichess-bot.py:404) DEBUG Event: {'type': 'correspondence_ping'}
2024-04-24 23:44:22,296 urllib3.connectionpool (connectionpool.py:292) DEBUG Resetting dropped connection: lichess.org
2024-04-24 23:44:22,887 urllib3.connectionpool (connectionpool.py:549) DEBUG https://lichess.org:443 "GET /api/users/status?ids=ks_chessai HTTP/1.1" 200 None
2024-04-24 23:47:51,638 __main__ (lichess-bot.py:404) DEBUG Event: {'type': 'correspondence_ping'}
2024-04-24 23:52:51,638 __main__ (lichess-bot.py:404) DEBUG Event: {'type': 'correspondence_ping'}
2024-04-24 23:57:51,639 __main__ (lichess-bot.py:404) DEBUG Event: {'type': 'correspondence_ping'}
2024-04-25 00:02:51,639 __main__ (lichess-bot.py:404) DEBUG Event: {'type': 'correspondence_ping'}
2024-04-25 00:07:51,639 __main__ (lichess-bot.py:404) DEBUG Event: {'type': 'correspondence_ping'}
2024-04-25 00:12:51,639 __main__ (lichess-bot.py:404) DEBUG Event: {'type': 'correspondence_ping'}
2024-04-25 00:17:51,640 __main__ (lichess-bot.py:404) DEBUG Event: {'type': 'correspondence_ping'}
2024-04-25 00:22:51,640 __main__ (lichess-bot.py:404) DEBUG Event: {'type': 'correspondence_ping'}
2024-04-25 00:27:51,641 __main__ (lichess-bot.py:404) DEBUG Event: {'type': 'correspondence_ping'}
2024-04-25 00:32:51,641 __main__ (lichess-bot.py:404) DEBUG Event: {'type': 'correspondence_ping'}
2024-04-25 00:37:51,642 __main__ (lichess-bot.py:404) DEBUG Event: {'type': 'correspondence_ping'}
2024-04-25 00:42:51,642 __main__ (lichess-bot.py:404) DEBUG Event: {'type': 'correspondence_ping'}
2024-04-25 00:44:27,198 urllib3.connectionpool (connectionpool.py:292) DEBUG Resetting dropped connection: lichess.org
2024-04-25 00:44:27,747 urllib3.connectionpool (connectionpool.py:549) DEBUG https://lichess.org:443 "GET /api/users/status?ids=ks_chessai HTTP/1.1" 200 None
2024-04-25 00:47:51,643 __main__ (lichess-bot.py:404) DEBUG Event: {'type': 'correspondence_ping'}
2024-04-25 00:52:51,643 __main__ (lichess-bot.py:404) DEBUG Event: {'type': 'correspondence_ping'}
2024-04-25 00:57:51,644 __main__ (lichess-bot.py:404) DEBUG Event: {'type': 'correspondence_ping'}
2024-04-25 01:02:51,644 __main__ (lichess-bot.py:404) DEBUG Event: {'type': 'correspondence_ping'}
2024-04-25 01:07:51,645 __main__ (lichess-bot.py:404) DEBUG Event: {'type': 'correspondence_ping'}
2024-04-25 01:12:51,645 __main__ (lichess-bot.py:404) DEBUG Event: {'type': 'correspondence_ping'}
2024-04-25 01:17:51,645 __main__ (lichess-bot.py:404) DEBUG Event: {'type': 'correspondence_ping'}
2024-04-25 01:22:51,645 __main__ (lichess-bot.py:404) DEBUG Event: {'type': 'correspondence_ping'}
2024-04-25 01:27:51,645 __main__ (lichess-bot.py:404) DEBUG Event: {'type': 'correspondence_ping'}
2024-04-25 01:32:51,645 __main__ (lichess-bot.py:404) DEBUG Event: {'type': 'correspondence_ping'}
2024-04-25 01:37:51,646 __main__ (lichess-bot.py:404) DEBUG Event: {'type': 'correspondence_ping'}
2024-04-25 01:42:51,647 __main__ (lichess-bot.py:404) DEBUG Event: {'type': 'correspondence_ping'}
2024-04-25 01:44:32,409 urllib3.connectionpool (connectionpool.py:292) DEBUG Resetting dropped connection: lichess.org
2024-04-25 01:44:32,971 urllib3.connectionpool (connectionpool.py:549) DEBUG https://lichess.org:443 "GET /api/users/status?ids=ks_chessai HTTP/1.1" 200 None
2024-04-25 01:47:51,647 __main__ (lichess-bot.py:404) DEBUG Event: {'type': 'correspondence_ping'}
2024-04-25 01:52:51,647 __main__ (lichess-bot.py:404) DEBUG Event: {'type': 'correspondence_ping'}
2024-04-25 01:57:51,647 __main__ (lichess-bot.py:404) DEBUG Event: {'type': 'correspondence_ping'}
2024-04-25 02:02:51,647 __main__ (lichess-bot.py:404) DEBUG Event: {'type': 'correspondence_ping'}
2024-04-25 02:07:51,648 __main__ (lichess-bot.py:404) DEBUG Event: {'type': 'correspondence_ping'}
2024-04-25 02:12:51,648 __main__ (lichess-bot.py:404) DEBUG Event: {'type': 'correspondence_ping'}
2024-04-25 02:17:51,648 __main__ (lichess-bot.py:404) DEBUG Event: {'type': 'correspondence_ping'}
2024-04-25 02:22:51,649 __main__ (lichess-bot.py:404) DEBUG Event: {'type': 'correspondence_ping'}
2024-04-25 02:27:51,649 __main__ (lichess-bot.py:404) DEBUG Event: {'type': 'correspondence_ping'}
2024-04-25 02:32:51,649 __main__ (lichess-bot.py:404) DEBUG Event: {'type': 'correspondence_ping'}
2024-04-25 02:37:51,650 __main__ (lichess-bot.py:404) DEBUG Event: {'type': 'correspondence_ping'}
2024-04-25 02:42:51,650 __main__ (lichess-bot.py:404) DEBUG Event: {'type': 'correspondence_ping'}
2024-04-25 02:44:37,206 urllib3.connectionpool (connectionpool.py:292) DEBUG Resetting dropped connection: lichess.org
2024-04-25 02:44:37,798 urllib3.connectionpool (connectionpool.py:549) DEBUG https://lichess.org:443 "GET /api/users/status?ids=ks_chessai HTTP/1.1" 200 None
2024-04-25 02:47:51,650 __main__ (lichess-bot.py:404) DEBUG Event: {'type': 'correspondence_ping'}
2024-04-25 02:52:51,651 __main__ (lichess-bot.py:404) DEBUG Event: {'type': 'correspondence_ping'}
2024-04-25 02:57:51,650 __main__ (lichess-bot.py:404) DEBUG Event: {'type': 'correspondence_ping'}
2024-04-25 03:02:51,651 __main__ (lichess-bot.py:404) DEBUG Event: {'type': 'correspondence_ping'}
2024-04-25 03:07:51,651 __main__ (lichess-bot.py:404) DEBUG Event: {'type': 'correspondence_ping'}
2024-04-25 03:12:51,651 __main__ (lichess-bot.py:404) DEBUG Event: {'type': 'correspondence_ping'}
2024-04-25 03:17:51,651 __main__ (lichess-bot.py:404) DEBUG Event: {'type': 'correspondence_ping'}
2024-04-25 03:22:51,653 __main__ (lichess-bot.py:404) DEBUG Event: {'type': 'correspondence_ping'}
2024-04-25 03:27:51,652 __main__ (lichess-bot.py:404) DEBUG Event: {'type': 'correspondence_ping'}
2024-04-25 03:32:51,653 __main__ (lichess-bot.py:404) DEBUG Event: {'type': 'correspondence_ping'}
2024-04-25 03:37:51,653 __main__ (lichess-bot.py:404) DEBUG Event: {'type': 'correspondence_ping'}
2024-04-25 03:42:51,653 __main__ (lichess-bot.py:404) DEBUG Event: {'type': 'correspondence_ping'}
2024-04-25 03:44:41,599 urllib3.connectionpool (connectionpool.py:292) DEBUG Resetting dropped connection: lichess.org
2024-04-25 03:44:42,171 urllib3.connectionpool (connectionpool.py:549) DEBUG https://lichess.org:443 "GET /api/users/status?ids=ks_chessai HTTP/1.1" 200 None
2024-04-25 03:47:51,653 __main__ (lichess-bot.py:404) DEBUG Event: {'type': 'correspondence_ping'}
2024-04-25 03:52:51,654 __main__ (lichess-bot.py:404) DEBUG Event: {'type': 'correspondence_ping'}
2024-04-25 03:57:51,654 __main__ (lichess-bot.py:404) DEBUG Event: {'type': 'correspondence_ping'}
2024-04-25 04:02:51,656 __main__ (lichess-bot.py:404) DEBUG Event: {'type': 'correspondence_ping'}
2024-04-25 04:07:51,658 __main__ (lichess-bot.py:404) DEBUG Event: {'type': 'correspondence_ping'}
2024-04-25 04:12:51,660 __main__ (lichess-bot.py:404) DEBUG Event: {'type': 'correspondence_ping'}
2024-04-25 04:17:51,663 __main__ (lichess-bot.py:404) DEBUG Event: {'type': 'correspondence_ping'}
2024-04-25 04:22:51,665 __main__ (lichess-bot.py:404) DEBUG Event: {'type': 'correspondence_ping'}
2024-04-25 04:27:51,667 __main__ (lichess-bot.py:404) DEBUG Event: {'type': 'correspondence_ping'}
2024-04-25 04:32:51,669 __main__ (lichess-bot.py:404) DEBUG Event: {'type': 'correspondence_ping'}
2024-04-25 04:37:51,671 __main__ (lichess-bot.py:404) DEBUG Event: {'type': 'correspondence_ping'}
2024-04-25 04:42:51,673 __main__ (lichess-bot.py:404) DEBUG Event: {'type': 'correspondence_ping'}
2024-04-25 04:44:45,455 urllib3.connectionpool (connectionpool.py:292) DEBUG Resetting dropped connection: lichess.org
2024-04-25 04:44:46,094 urllib3.connectionpool (connectionpool.py:549) DEBUG https://lichess.org:443 "GET /api/users/status?ids=ks_chessai HTTP/1.1" 200 None
2024-04-25 04:47:51,675 __main__ (lichess-bot.py:404) DEBUG Event: {'type': 'correspondence_ping'}
2024-04-25 04:52:51,677 __main__ (lichess-bot.py:404) DEBUG Event: {'type': 'correspondence_ping'}
2024-04-25 04:57:51,679 __main__ (lichess-bot.py:404) DEBUG Event: {'type': 'correspondence_ping'}
2024-04-25 05:02:51,679 __main__ (lichess-bot.py:404) DEBUG Event: {'type': 'correspondence_ping'}
2024-04-25 05:07:51,680 __main__ (lichess-bot.py:404) DEBUG Event: {'type': 'correspondence_ping'}
2024-04-25 05:12:51,681 __main__ (lichess-bot.py:404) DEBUG Event: {'type': 'correspondence_ping'}
2024-04-25 05:17:51,681 __main__ (lichess-bot.py:404) DEBUG Event: {'type': 'correspondence_ping'}
2024-04-25 05:22:51,682 __main__ (lichess-bot.py:404) DEBUG Event: {'type': 'correspondence_ping'}
2024-04-25 05:27:51,683 __main__ (lichess-bot.py:404) DEBUG Event: {'type': 'correspondence_ping'}
2024-04-25 05:32:51,684 __main__ (lichess-bot.py:404) DEBUG Event: {'type': 'correspondence_ping'}
2024-04-25 05:37:51,685 __main__ (lichess-bot.py:404) DEBUG Event: {'type': 'correspondence_ping'}
2024-04-25 05:42:51,685 __main__ (lichess-bot.py:404) DEBUG Event: {'type': 'correspondence_ping'}
2024-04-25 05:44:49,001 urllib3.connectionpool (connectionpool.py:292) DEBUG Resetting dropped connection: lichess.org
2024-04-25 05:44:49,595 urllib3.connectionpool (connectionpool.py:549) DEBUG https://lichess.org:443 "GET /api/users/status?ids=ks_chessai HTTP/1.1" 200 None
2024-04-25 05:47:51,686 __main__ (lichess-bot.py:404) DEBUG Event: {'type': 'correspondence_ping'}
2024-04-25 05:52:51,686 __main__ (lichess-bot.py:404) DEBUG Event: {'type': 'correspondence_ping'}
2024-04-25 05:57:51,687 __main__ (lichess-bot.py:404) DEBUG Event: {'type': 'correspondence_ping'}
2024-04-25 06:02:51,688 __main__ (lichess-bot.py:404) DEBUG Event: {'type': 'correspondence_ping'}
2024-04-25 06:07:51,689 __main__ (lichess-bot.py:404) DEBUG Event: {'type': 'correspondence_ping'}
2024-04-25 06:12:51,689 __main__ (lichess-bot.py:404) DEBUG Event: {'type': 'correspondence_ping'}
2024-04-25 06:17:51,689 __main__ (lichess-bot.py:404) DEBUG Event: {'type': 'correspondence_ping'}
2024-04-25 06:22:51,689 __main__ (lichess-bot.py:404) DEBUG Event: {'type': 'correspondence_ping'}
2024-04-25 06:27:51,690 __main__ (lichess-bot.py:404) DEBUG Event: {'type': 'correspondence_ping'}
2024-04-25 06:32:51,690 __main__ (lichess-bot.py:404) DEBUG Event: {'type': 'correspondence_ping'}
2024-04-25 06:37:51,691 __main__ (lichess-bot.py:404) DEBUG Event: {'type': 'correspondence_ping'}
2024-04-25 06:42:51,691 __main__ (lichess-bot.py:404) DEBUG Event: {'type': 'correspondence_ping'}
2024-04-25 06:44:55,548 urllib3.connectionpool (connectionpool.py:292) DEBUG Resetting dropped connection: lichess.org
2024-04-25 06:44:56,096 urllib3.connectionpool (connectionpool.py:549) DEBUG https://lichess.org:443 "GET /api/users/status?ids=ks_chessai HTTP/1.1" 200 None
2024-04-25 06:47:51,691 __main__ (lichess-bot.py:404) DEBUG Event: {'type': 'correspondence_ping'}
2024-04-25 06:52:51,692 __main__ (lichess-bot.py:404) DEBUG Event: {'type': 'correspondence_ping'}
2024-04-25 06:57:51,692 __main__ (lichess-bot.py:404) DEBUG Event: {'type': 'correspondence_ping'}
2024-04-25 07:02:51,693 __main__ (lichess-bot.py:404) DEBUG Event: {'type': 'correspondence_ping'}
2024-04-25 07:07:51,693 __main__ (lichess-bot.py:404) DEBUG Event: {'type': 'correspondence_ping'}
2024-04-25 07:12:51,695 __main__ (lichess-bot.py:404) DEBUG Event: {'type': 'correspondence_ping'}
2024-04-25 07:17:51,695 __main__ (lichess-bot.py:404) DEBUG Event: {'type': 'correspondence_ping'}
2024-04-25 07:22:51,695 __main__ (lichess-bot.py:404) DEBUG Event: {'type': 'correspondence_ping'}
2024-04-25 07:27:51,696 __main__ (lichess-bot.py:404) DEBUG Event: {'type': 'correspondence_ping'}
2024-04-25 07:32:51,695 __main__ (lichess-bot.py:404) DEBUG Event: {'type': 'correspondence_ping'}
2024-04-25 07:37:51,697 __main__ (lichess-bot.py:404) DEBUG Event: {'type': 'correspondence_ping'}
2024-04-25 07:42:51,697 __main__ (lichess-bot.py:404) DEBUG Event: {'type': 'correspondence_ping'}
2024-04-25 07:45:00,058 urllib3.connectionpool (connectionpool.py:292) DEBUG Resetting dropped connection: lichess.org
2024-04-25 07:45:00,588 urllib3.connectionpool (connectionpool.py:549) DEBUG https://lichess.org:443 "GET /api/users/status?ids=ks_chessai HTTP/1.1" 200 None
2024-04-25 07:47:51,697 __main__ (lichess-bot.py:404) DEBUG Event: {'type': 'correspondence_ping'}
2024-04-25 07:52:51,697 __main__ (lichess-bot.py:404) DEBUG Event: {'type': 'correspondence_ping'}
2024-04-25 07:57:51,698 __main__ (lichess-bot.py:404) DEBUG Event: {'type': 'correspondence_ping'}
2024-04-25 08:02:51,700 __main__ (lichess-bot.py:404) DEBUG Event: {'type': 'correspondence_ping'}
2024-04-25 08:07:51,700 __main__ (lichess-bot.py:404) DEBUG Event: {'type': 'correspondence_ping'}
2024-04-25 08:12:51,701 __main__ (lichess-bot.py:404) DEBUG Event: {'type': 'correspondence_ping'}
2024-04-25 08:17:51,701 __main__ (lichess-bot.py:404) DEBUG Event: {'type': 'correspondence_ping'}
2024-04-25 08:22:51,701 __main__ (lichess-bot.py:404) DEBUG Event: {'type': 'correspondence_ping'}
2024-04-25 08:27:51,701 __main__ (lichess-bot.py:404) DEBUG Event: {'type': 'correspondence_ping'}
2024-04-25 08:32:51,701 __main__ (lichess-bot.py:404) DEBUG Event: {'type': 'correspondence_ping'}
2024-04-25 08:37:51,702 __main__ (lichess-bot.py:404) DEBUG Event: {'type': 'correspondence_ping'}
2024-04-25 08:42:51,702 __main__ (lichess-bot.py:404) DEBUG Event: {'type': 'correspondence_ping'}
2024-04-25 08:45:05,927 urllib3.connectionpool (connectionpool.py:292) DEBUG Resetting dropped connection: lichess.org
2024-04-25 08:45:06,472 urllib3.connectionpool (connectionpool.py:549) DEBUG https://lichess.org:443 "GET /api/users/status?ids=ks_chessai HTTP/1.1" 200 None
2024-04-25 08:47:51,703 __main__ (lichess-bot.py:404) DEBUG Event: {'type': 'correspondence_ping'}
2024-04-25 08:52:51,703 __main__ (lichess-bot.py:404) DEBUG Event: {'type': 'correspondence_ping'}
2024-04-25 08:57:51,704 __main__ (lichess-bot.py:404) DEBUG Event: {'type': 'correspondence_ping'}
2024-04-25 09:02:51,704 __main__ (lichess-bot.py:404) DEBUG Event: {'type': 'correspondence_ping'}
2024-04-25 09:07:51,704 __main__ (lichess-bot.py:404) DEBUG Event: {'type': 'correspondence_ping'}
2024-04-25 09:12:51,704 __main__ (lichess-bot.py:404) DEBUG Event: {'type': 'correspondence_ping'}
2024-04-25 09:17:51,705 __main__ (lichess-bot.py:404) DEBUG Event: {'type': 'correspondence_ping'}
2024-04-25 09:22:51,705 __main__ (lichess-bot.py:404) DEBUG Event: {'type': 'correspondence_ping'}
2024-04-25 09:27:51,706 __main__ (lichess-bot.py:404) DEBUG Event: {'type': 'correspondence_ping'}
2024-04-25 09:32:51,705 __main__ (lichess-bot.py:404) DEBUG Event: {'type': 'correspondence_ping'}
2024-04-25 09:37:51,706 __main__ (lichess-bot.py:404) DEBUG Event: {'type': 'correspondence_ping'}
2024-04-25 09:42:51,706 __main__ (lichess-bot.py:404) DEBUG Event: {'type': 'correspondence_ping'}
2024-04-25 09:45:08,716 urllib3.connectionpool (connectionpool.py:292) DEBUG Resetting dropped connection: lichess.org
2024-04-25 09:45:09,269 urllib3.connectionpool (connectionpool.py:549) DEBUG https://lichess.org:443 "GET /api/users/status?ids=ks_chessai HTTP/1.1" 200 None
2024-04-25 09:47:51,706 __main__ (lichess-bot.py:404) DEBUG Event: {'type': 'correspondence_ping'}
2024-04-25 09:52:51,706 __main__ (lichess-bot.py:404) DEBUG Event: {'type': 'correspondence_ping'}
2024-04-25 09:57:51,707 __main__ (lichess-bot.py:404) DEBUG Event: {'type': 'correspondence_ping'}
2024-04-25 10:02:51,707 __main__ (lichess-bot.py:404) DEBUG Event: {'type': 'correspondence_ping'}
2024-04-25 10:07:51,708 __main__ (lichess-bot.py:404) DEBUG Event: {'type': 'correspondence_ping'}
2024-04-25 10:12:51,709 __main__ (lichess-bot.py:404) DEBUG Event: {'type': 'correspondence_ping'}
2024-04-25 10:17:51,710 __main__ (lichess-bot.py:404) DEBUG Event: {'type': 'correspondence_ping'}
2024-04-25 10:22:51,710 __main__ (lichess-bot.py:404) DEBUG Event: {'type': 'correspondence_ping'}
2024-04-25 10:27:51,710 __main__ (lichess-bot.py:404) DEBUG Event: {'type': 'correspondence_ping'}
2024-04-25 10:32:51,710 __main__ (lichess-bot.py:404) DEBUG Event: {'type': 'correspondence_ping'}
2024-04-25 10:37:51,711 __main__ (lichess-bot.py:404) DEBUG Event: {'type': 'correspondence_ping'}
2024-04-25 10:42:51,713 __main__ (lichess-bot.py:404) DEBUG Event: {'type': 'correspondence_ping'}
2024-04-25 10:45:11,727 urllib3.connectionpool (connectionpool.py:292) DEBUG Resetting dropped connection: lichess.org
2024-04-25 10:45:12,323 urllib3.connectionpool (connectionpool.py:549) DEBUG https://lichess.org:443 "GET /api/users/status?ids=ks_chessai HTTP/1.1" 200 None
2024-04-25 10:47:51,713 __main__ (lichess-bot.py:404) DEBUG Event: {'type': 'correspondence_ping'}
2024-04-25 10:52:51,713 __main__ (lichess-bot.py:404) DEBUG Event: {'type': 'correspondence_ping'}
2024-04-25 10:57:51,713 __main__ (lichess-bot.py:404) DEBUG Event: {'type': 'correspondence_ping'}
2024-04-25 11:02:51,714 __main__ (lichess-bot.py:404) DEBUG Event: {'type': 'correspondence_ping'}
2024-04-25 11:07:51,715 __main__ (lichess-bot.py:404) DEBUG Event: {'type': 'correspondence_ping'}
2024-04-25 11:12:51,714 __main__ (lichess-bot.py:404) DEBUG Event: {'type': 'correspondence_ping'}
2024-04-25 11:17:51,714 __main__ (lichess-bot.py:404) DEBUG Event: {'type': 'correspondence_ping'}
2024-04-25 11:22:51,715 __main__ (lichess-bot.py:404) DEBUG Event: {'type': 'correspondence_ping'}
2024-04-25 11:27:51,715 __main__ (lichess-bot.py:404) DEBUG Event: {'type': 'correspondence_ping'}
2024-04-25 11:32:51,715 __main__ (lichess-bot.py:404) DEBUG Event: {'type': 'correspondence_ping'}
2024-04-25 11:37:51,717 __main__ (lichess-bot.py:404) DEBUG Event: {'type': 'correspondence_ping'}
2024-04-25 11:42:51,716 __main__ (lichess-bot.py:404) DEBUG Event: {'type': 'correspondence_ping'}
2024-04-25 11:45:14,261 urllib3.connectionpool (connectionpool.py:292) DEBUG Resetting dropped connection: lichess.org
2024-04-25 11:45:14,908 urllib3.connectionpool (connectionpool.py:549) DEBUG https://lichess.org:443 "GET /api/users/status?ids=ks_chessai HTTP/1.1" 200 None
2024-04-25 11:47:51,717 __main__ (lichess-bot.py:404) DEBUG Event: {'type': 'correspondence_ping'}
2024-04-25 11:52:51,717 __main__ (lichess-bot.py:404) DEBUG Event: {'type': 'correspondence_ping'}
2024-04-25 11:57:51,718 __main__ (lichess-bot.py:404) DEBUG Event: {'type': 'correspondence_ping'}
2024-04-25 12:02:51,718 __main__ (lichess-bot.py:404) DEBUG Event: {'type': 'correspondence_ping'}
2024-04-25 12:07:51,718 __main__ (lichess-bot.py:404) DEBUG Event: {'type': 'correspondence_ping'}
2024-04-25 12:12:51,718 __main__ (lichess-bot.py:404) DEBUG Event: {'type': 'correspondence_ping'}
2024-04-25 12:17:51,721 __main__ (lichess-bot.py:404) DEBUG Event: {'type': 'correspondence_ping'}
2024-04-25 12:22:51,721 __main__ (lichess-bot.py:404) DEBUG Event: {'type': 'correspondence_ping'}
2024-04-25 12:27:51,721 __main__ (lichess-bot.py:404) DEBUG Event: {'type': 'correspondence_ping'}
2024-04-25 12:32:51,721 __main__ (lichess-bot.py:404) DEBUG Event: {'type': 'correspondence_ping'}
2024-04-25 12:37:51,721 __main__ (lichess-bot.py:404) DEBUG Event: {'type': 'correspondence_ping'}
2024-04-25 12:42:51,721 __main__ (lichess-bot.py:404) DEBUG Event: {'type': 'correspondence_ping'}
2024-04-25 12:45:16,457 urllib3.connectionpool (connectionpool.py:292) DEBUG Resetting dropped connection: lichess.org
2024-04-25 12:45:17,025 urllib3.connectionpool (connectionpool.py:549) DEBUG https://lichess.org:443 "GET /api/users/status?ids=ks_chessai HTTP/1.1" 200 None
2024-04-25 12:47:51,721 __main__ (lichess-bot.py:404) DEBUG Event: {'type': 'correspondence_ping'}
2024-04-25 12:52:51,721 __main__ (lichess-bot.py:404) DEBUG Event: {'type': 'correspondence_ping'}
2024-04-25 12:57:51,721 __main__ (lichess-bot.py:404) DEBUG Event: {'type': 'correspondence_ping'}
2024-04-25 13:02:51,721 __main__ (lichess-bot.py:404) DEBUG Event: {'type': 'correspondence_ping'}
2024-04-25 13:07:51,722 __main__ (lichess-bot.py:404) DEBUG Event: {'type': 'correspondence_ping'}
2024-04-25 13:12:51,723 __main__ (lichess-bot.py:404) DEBUG Event: {'type': 'correspondence_ping'}
2024-04-25 13:17:51,723 __main__ (lichess-bot.py:404) DEBUG Event: {'type': 'correspondence_ping'}
2024-04-25 13:22:51,724 __main__ (lichess-bot.py:404) DEBUG Event: {'type': 'correspondence_ping'}
2024-04-25 13:27:51,725 __main__ (lichess-bot.py:404) DEBUG Event: {'type': 'correspondence_ping'}
2024-04-25 13:32:51,725 __main__ (lichess-bot.py:404) DEBUG Event: {'type': 'correspondence_ping'}
2024-04-25 13:37:51,725 __main__ (lichess-bot.py:404) DEBUG Event: {'type': 'correspondence_ping'}
2024-04-25 13:42:51,726 __main__ (lichess-bot.py:404) DEBUG Event: {'type': 'correspondence_ping'}
2024-04-25 13:45:19,757 urllib3.connectionpool (connectionpool.py:292) DEBUG Resetting dropped connection: lichess.org
2024-04-25 13:45:20,338 urllib3.connectionpool (connectionpool.py:549) DEBUG https://lichess.org:443 "GET /api/users/status?ids=ks_chessai HTTP/1.1" 200 None
2024-04-25 13:47:51,726 __main__ (lichess-bot.py:404) DEBUG Event: {'type': 'correspondence_ping'}
2024-04-25 13:52:51,727 __main__ (lichess-bot.py:404) DEBUG Event: {'type': 'correspondence_ping'}
2024-04-25 13:57:51,727 __main__ (lichess-bot.py:404) DEBUG Event: {'type': 'correspondence_ping'}
2024-04-25 14:02:51,728 __main__ (lichess-bot.py:404) DEBUG Event: {'type': 'correspondence_ping'}
2024-04-25 14:07:51,729 __main__ (lichess-bot.py:404) DEBUG Event: {'type': 'correspondence_ping'}
2024-04-25 14:12:51,729 __main__ (lichess-bot.py:404) DEBUG Event: {'type': 'correspondence_ping'}
2024-04-25 14:17:51,730 __main__ (lichess-bot.py:404) DEBUG Event: {'type': 'correspondence_ping'}
2024-04-25 14:22:51,730 __main__ (lichess-bot.py:404) DEBUG Event: {'type': 'correspondence_ping'}
2024-04-25 14:27:51,730 __main__ (lichess-bot.py:404) DEBUG Event: {'type': 'correspondence_ping'}
2024-04-25 14:32:51,730 __main__ (lichess-bot.py:404) DEBUG Event: {'type': 'correspondence_ping'}
2024-04-25 14:37:51,731 __main__ (lichess-bot.py:404) DEBUG Event: {'type': 'correspondence_ping'}
2024-04-25 14:42:51,731 __main__ (lichess-bot.py:404) DEBUG Event: {'type': 'correspondence_ping'}
2024-04-25 14:45:21,974 urllib3.connectionpool (connectionpool.py:292) DEBUG Resetting dropped connection: lichess.org
2024-04-25 14:45:22,549 urllib3.connectionpool (connectionpool.py:549) DEBUG https://lichess.org:443 "GET /api/users/status?ids=ks_chessai HTTP/1.1" 200 None
2024-04-25 14:47:51,731 __main__ (lichess-bot.py:404) DEBUG Event: {'type': 'correspondence_ping'}
2024-04-25 14:52:51,732 __main__ (lichess-bot.py:404) DEBUG Event: {'type': 'correspondence_ping'}
2024-04-25 14:57:51,732 __main__ (lichess-bot.py:404) DEBUG Event: {'type': 'correspondence_ping'}
2024-04-25 15:02:51,732 __main__ (lichess-bot.py:404) DEBUG Event: {'type': 'correspondence_ping'}
2024-04-25 15:07:51,732 __main__ (lichess-bot.py:404) DEBUG Event: {'type': 'correspondence_ping'}
2024-04-25 15:12:51,733 __main__ (lichess-bot.py:404) DEBUG Event: {'type': 'correspondence_ping'}
2024-04-25 15:17:51,733 __main__ (lichess-bot.py:404) DEBUG Event: {'type': 'correspondence_ping'}
2024-04-25 15:22:51,733 __main__ (lichess-bot.py:404) DEBUG Event: {'type': 'correspondence_ping'}
2024-04-25 15:27:51,734 __main__ (lichess-bot.py:404) DEBUG Event: {'type': 'correspondence_ping'}
2024-04-25 15:32:51,734 __main__ (lichess-bot.py:404) DEBUG Event: {'type': 'correspondence_ping'}
2024-04-25 15:37:51,734 __main__ (lichess-bot.py:404) DEBUG Event: {'type': 'correspondence_ping'}
2024-04-25 15:42:51,734 __main__ (lichess-bot.py:404) DEBUG Event: {'type': 'correspondence_ping'}
2024-04-25 15:45:23,903 urllib3.connectionpool (connectionpool.py:292) DEBUG Resetting dropped connection: lichess.org
2024-04-25 15:45:24,457 urllib3.connectionpool (connectionpool.py:549) DEBUG https://lichess.org:443 "GET /api/users/status?ids=ks_chessai HTTP/1.1" 200 None
2024-04-25 15:47:51,734 __main__ (lichess-bot.py:404) DEBUG Event: {'type': 'correspondence_ping'}
2024-04-25 15:52:51,734 __main__ (lichess-bot.py:404) DEBUG Event: {'type': 'correspondence_ping'}
2024-04-25 15:57:51,735 __main__ (lichess-bot.py:404) DEBUG Event: {'type': 'correspondence_ping'}
2024-04-25 16:02:51,735 __main__ (lichess-bot.py:404) DEBUG Event: {'type': 'correspondence_ping'}
2024-04-25 16:07:51,735 __main__ (lichess-bot.py:404) DEBUG Event: {'type': 'correspondence_ping'}
2024-04-25 16:12:51,736 __main__ (lichess-bot.py:404) DEBUG Event: {'type': 'correspondence_ping'}
2024-04-25 16:17:51,736 __main__ (lichess-bot.py:404) DEBUG Event: {'type': 'correspondence_ping'}
2024-04-25 16:22:51,736 __main__ (lichess-bot.py:404) DEBUG Event: {'type': 'correspondence_ping'}
2024-04-25 16:27:51,736 __main__ (lichess-bot.py:404) DEBUG Event: {'type': 'correspondence_ping'}
2024-04-25 16:32:51,737 __main__ (lichess-bot.py:404) DEBUG Event: {'type': 'correspondence_ping'}
2024-04-25 16:37:51,737 __main__ (lichess-bot.py:404) DEBUG Event: {'type': 'correspondence_ping'}
2024-04-25 16:42:51,737 __main__ (lichess-bot.py:404) DEBUG Event: {'type': 'correspondence_ping'}
2024-04-25 16:45:28,323 urllib3.connectionpool (connectionpool.py:292) DEBUG Resetting dropped connection: lichess.org
2024-04-25 16:45:28,910 urllib3.connectionpool (connectionpool.py:549) DEBUG https://lichess.org:443 "GET /api/users/status?ids=ks_chessai HTTP/1.1" 200 None
2024-04-25 16:47:51,737 __main__ (lichess-bot.py:404) DEBUG Event: {'type': 'correspondence_ping'}
2024-04-25 16:52:51,738 __main__ (lichess-bot.py:404) DEBUG Event: {'type': 'correspondence_ping'}
2024-04-25 16:57:51,739 __main__ (lichess-bot.py:404) DEBUG Event: {'type': 'correspondence_ping'}
2024-04-25 17:02:51,739 __main__ (lichess-bot.py:404) DEBUG Event: {'type': 'correspondence_ping'}
2024-04-25 17:07:51,739 __main__ (lichess-bot.py:404) DEBUG Event: {'type': 'correspondence_ping'}
2024-04-25 17:12:51,739 __main__ (lichess-bot.py:404) DEBUG Event: {'type': 'correspondence_ping'}
2024-04-25 17:17:51,739 __main__ (lichess-bot.py:404) DEBUG Event: {'type': 'correspondence_ping'}
2024-04-25 17:22:51,739 __main__ (lichess-bot.py:404) DEBUG Event: {'type': 'correspondence_ping'}
2024-04-25 17:27:51,739 __main__ (lichess-bot.py:404) DEBUG Event: {'type': 'correspondence_ping'}
2024-04-25 17:32:51,739 __main__ (lichess-bot.py:404) DEBUG Event: {'type': 'correspondence_ping'}
2024-04-25 17:37:51,740 __main__ (lichess-bot.py:404) DEBUG Event: {'type': 'correspondence_ping'}
2024-04-25 17:42:51,740 __main__ (lichess-bot.py:404) DEBUG Event: {'type': 'correspondence_ping'}
2024-04-25 17:45:33,739 urllib3.connectionpool (connectionpool.py:292) DEBUG Resetting dropped connection: lichess.org
2024-04-25 17:45:34,300 urllib3.connectionpool (connectionpool.py:549) DEBUG https://lichess.org:443 "GET /api/users/status?ids=ks_chessai HTTP/1.1" 200 None
2024-04-25 17:47:51,741 __main__ (lichess-bot.py:404) DEBUG Event: {'type': 'correspondence_ping'}
2024-04-25 17:52:51,741 __main__ (lichess-bot.py:404) DEBUG Event: {'type': 'correspondence_ping'}
2024-04-25 17:57:51,741 __main__ (lichess-bot.py:404) DEBUG Event: {'type': 'correspondence_ping'}
2024-04-25 18:00:27,128 __main__ (lichess-bot.py:404) DEBUG Event: {'type': 'terminated', 'error': 'Traceback (most recent call last):\n  File "C:\\Users\\Kyle_Remote\\Documents\\Programs\\DS3ML3_Final_Project\\.venv\\Lib\\site-packages\\urllib3\\response.py", line 737, in _error_catcher\n    yield\n  File "C:\\Users\\Kyle_Remote\\Documents\\Programs\\DS3ML3_Final_Project\\.venv\\Lib\\site-packages\\urllib3\\response.py", line 1184, in read_chunked\n    self._update_chunk_length()\n  File "C:\\Users\\Kyle_Remote\\Documents\\Programs\\DS3ML3_Final_Project\\.venv\\Lib\\site-packages\\urllib3\\response.py", line 1108, in _update_chunk_length\n    line = self._fp.fp.readline()  # type: ignore[union-attr]\n           ^^^^^^^^^^^^^^^^^^^^^^\n  File "C:\\Users\\Kyle_Remote\\AppData\\Local\\Programs\\Python\\Python311\\Lib\\socket.py", line 706, in readinto\n    return self._sock.recv_into(b)\n           ^^^^^^^^^^^^^^^^^^^^^^^\n  File "C:\\Users\\Kyle_Remote\\AppData\\Local\\Programs\\Python\\Python311\\Lib\\ssl.py", line 1311, in recv_into\n    return self.read(nbytes, buffer)\n           ^^^^^^^^^^^^^^^^^^^^^^^^^\n  File "C:\\Users\\Kyle_Remote\\AppData\\Local\\Programs\\Python\\Python311\\Lib\\ssl.py", line 1167, in read\n    return self._sslobj.read(len, buffer)\n           ^^^^^^^^^^^^^^^^^^^^^^^^^^^^^^\nTimeoutError: The read operation timed out\n\nThe above exception was the direct cause of the following exception:\n\nTraceback (most recent call last):\n  File "C:\\Users\\Kyle_Remote\\Documents\\Programs\\DS3ML3_Final_Project\\.venv\\Lib\\site-packages\\requests\\models.py", line 816, in generate\n    yield from self.raw.stream(chunk_size, decode_content=True)\n  File "C:\\Users\\Kyle_Remote\\Documents\\Programs\\DS3ML3_Final_Project\\.venv\\Lib\\site-packages\\urllib3\\response.py", line 1040, in stream\n    yield from self.read_chunked(amt, decode_content=decode_content)\n  File "C:\\Users\\Kyle_Remote\\Documents\\Programs\\DS3ML3_Final_Project\\.venv\\Lib\\site-packages\\urllib3\\response.py", line 1172, in read_chunked\n    with self._error_catcher():\n  File "C:\\Users\\Kyle_Remote\\AppData\\Local\\Programs\\Python\\Python311\\Lib\\contextlib.py", line 155, in __exit__\n    self.gen.throw(typ, value, traceback)\n  File "C:\\Users\\Kyle_Remote\\Documents\\Programs\\DS3ML3_Final_Project\\.venv\\Lib\\site-packages\\urllib3\\response.py", line 742, in _error_catcher\n    raise ReadTimeoutError(self._pool, None, "Read timed out.") from e  # type: ignore[arg-type]\n    ^^^^^^^^^^^^^^^^^^^^^^^^^^^^^^^^^^^^^^^^^^^^^^^^^^^^^^^^^^^^^^^^^^\nurllib3.exceptions.ReadTimeoutError: HTTPSConnectionPool(host=\'lichess.org\', port=443): Read timed out.\n\nDuring handling of the above exception, another exception occurred:\n\nTraceback (most recent call last):\n  File "C:\\Users\\Kyle_Remote\\Documents\\Programs\\DS3ML3_Final_Project\\lichess-bot\\lichess-bot.py", line 98, in watch_control_stream\n    for line in lines:\n  File "C:\\Users\\Kyle_Remote\\Documents\\Programs\\DS3ML3_Final_Project\\.venv\\Lib\\site-packages\\requests\\models.py", line 865, in iter_lines\n    for chunk in self.iter_content(\n  File "C:\\Users\\Kyle_Remote\\Documents\\Programs\\DS3ML3_Final_Project\\.venv\\Lib\\site-packages\\requests\\models.py", line 822, in generate\n    raise ConnectionError(e)\nrequests.exceptions.ConnectionError: HTTPSConnectionPool(host=\'lichess.org\', port=443): Read timed out.\n'}
2024-04-25 18:00:27,128 __main__ (lichess-bot.py:338) DEBUG Terminating exception:
Traceback (most recent call last):
  File "C:\Users\Kyle_Remote\Documents\Programs\DS3ML3_Final_Project\.venv\Lib\site-packages\urllib3\response.py", line 737, in _error_catcher
    yield
  File "C:\Users\Kyle_Remote\Documents\Programs\DS3ML3_Final_Project\.venv\Lib\site-packages\urllib3\response.py", line 1184, in read_chunked
    self._update_chunk_length()
  File "C:\Users\Kyle_Remote\Documents\Programs\DS3ML3_Final_Project\.venv\Lib\site-packages\urllib3\response.py", line 1108, in _update_chunk_length
    line = self._fp.fp.readline()  # type: ignore[union-attr]
           ^^^^^^^^^^^^^^^^^^^^^^
  File "C:\Users\Kyle_Remote\AppData\Local\Programs\Python\Python311\Lib\socket.py", line 706, in readinto
    return self._sock.recv_into(b)
           ^^^^^^^^^^^^^^^^^^^^^^^
  File "C:\Users\Kyle_Remote\AppData\Local\Programs\Python\Python311\Lib\ssl.py", line 1311, in recv_into
    return self.read(nbytes, buffer)
           ^^^^^^^^^^^^^^^^^^^^^^^^^
  File "C:\Users\Kyle_Remote\AppData\Local\Programs\Python\Python311\Lib\ssl.py", line 1167, in read
    return self._sslobj.read(len, buffer)
           ^^^^^^^^^^^^^^^^^^^^^^^^^^^^^^
TimeoutError: The read operation timed out

The above exception was the direct cause of the following exception:

Traceback (most recent call last):
  File "C:\Users\Kyle_Remote\Documents\Programs\DS3ML3_Final_Project\.venv\Lib\site-packages\requests\models.py", line 816, in generate
    yield from self.raw.stream(chunk_size, decode_content=True)
  File "C:\Users\Kyle_Remote\Documents\Programs\DS3ML3_Final_Project\.venv\Lib\site-packages\urllib3\response.py", line 1040, in stream
    yield from self.read_chunked(amt, decode_content=decode_content)
  File "C:\Users\Kyle_Remote\Documents\Programs\DS3ML3_Final_Project\.venv\Lib\site-packages\urllib3\response.py", line 1172, in read_chunked
    with self._error_catcher():
  File "C:\Users\Kyle_Remote\AppData\Local\Programs\Python\Python311\Lib\contextlib.py", line 155, in __exit__
    self.gen.throw(typ, value, traceback)
  File "C:\Users\Kyle_Remote\Documents\Programs\DS3ML3_Final_Project\.venv\Lib\site-packages\urllib3\response.py", line 742, in _error_catcher
    raise ReadTimeoutError(self._pool, None, "Read timed out.") from e  # type: ignore[arg-type]
    ^^^^^^^^^^^^^^^^^^^^^^^^^^^^^^^^^^^^^^^^^^^^^^^^^^^^^^^^^^^^^^^^^^
urllib3.exceptions.ReadTimeoutError: HTTPSConnectionPool(host='lichess.org', port=443): Read timed out.

During handling of the above exception, another exception occurred:

Traceback (most recent call last):
  File "C:\Users\Kyle_Remote\Documents\Programs\DS3ML3_Final_Project\lichess-bot\lichess-bot.py", line 98, in watch_control_stream
    for line in lines:
  File "C:\Users\Kyle_Remote\Documents\Programs\DS3ML3_Final_Project\.venv\Lib\site-packages\requests\models.py", line 865, in iter_lines
    for chunk in self.iter_content(
  File "C:\Users\Kyle_Remote\Documents\Programs\DS3ML3_Final_Project\.venv\Lib\site-packages\requests\models.py", line 822, in generate
    raise ConnectionError(e)
requests.exceptions.ConnectionError: HTTPSConnectionPool(host='lichess.org', port=443): Read timed out.

